{"/home/travis/build/npmtest/node-npmtest-cold-brew/test.js":{"path":"/home/travis/build/npmtest/node-npmtest-cold-brew/test.js","s":{"1":2,"2":2,"3":2,"4":2,"5":2,"6":2,"7":2,"8":1,"9":2,"10":2,"11":1,"12":1,"13":1,"14":1,"15":2,"16":2,"17":2,"18":2,"19":1,"20":1,"21":2,"22":2,"23":2,"24":1,"25":1,"26":1,"27":1,"28":1,"29":1,"30":1,"31":1,"32":1,"33":1,"34":1,"35":1,"36":1,"37":2,"38":2,"39":1,"40":2,"41":2,"42":1,"43":2,"44":2,"45":1,"46":2,"47":2,"48":1,"49":1,"50":1,"51":1,"52":1},"b":{"1":[2,1,1,1],"2":[1,1,1,1],"3":[1,1],"4":[1,1],"5":[1,1],"6":[1,1],"7":[1,1],"8":[1,1],"9":[1,1,1],"10":[1,1],"11":[1,1],"12":[1,1],"13":[1,1],"14":[1,1],"15":[1,1],"16":[1,1]},"f":{"1":2,"2":2,"3":2,"4":2,"5":2,"6":1,"7":1,"8":2,"9":2,"10":2,"11":2,"12":1},"fnMap":{"1":{"name":"(anonymous_1)","line":12,"loc":{"start":{"line":12,"column":1},"end":{"line":12,"column":13}}},"2":{"name":"(anonymous_2)","line":19,"loc":{"start":{"line":19,"column":5},"end":{"line":19,"column":17}}},"3":{"name":"(anonymous_3)","line":23,"loc":{"start":{"line":23,"column":24},"end":{"line":23,"column":36}}},"4":{"name":"(anonymous_4)","line":61,"loc":{"start":{"line":61,"column":5},"end":{"line":61,"column":17}}},"5":{"name":"(anonymous_5)","line":82,"loc":{"start":{"line":82,"column":5},"end":{"line":82,"column":17}}},"6":{"name":"(anonymous_6)","line":102,"loc":{"start":{"line":102,"column":83},"end":{"line":105,"column":10}},"skip":true},"7":{"name":"(anonymous_7)","line":113,"loc":{"start":{"line":113,"column":77},"end":{"line":116,"column":10}},"skip":true},"8":{"name":"(anonymous_8)","line":129,"loc":{"start":{"line":129,"column":12},"end":{"line":129,"column":40}},"skip":true},"9":{"name":"(anonymous_9)","line":137,"loc":{"start":{"line":137,"column":77},"end":{"line":140,"column":10}},"skip":true},"10":{"name":"(anonymous_10)","line":148,"loc":{"start":{"line":148,"column":83},"end":{"line":151,"column":10}},"skip":true},"11":{"name":"(anonymous_11)","line":159,"loc":{"start":{"line":159,"column":79},"end":{"line":162,"column":10}},"skip":true},"12":{"name":"(anonymous_12)","line":170,"loc":{"start":{"line":170,"column":75},"end":{"line":173,"column":10}},"skip":true}},"statementMap":{"1":{"start":{"line":12,"column":0},"end":{"line":185,"column":5}},"2":{"start":{"line":14,"column":4},"end":{"line":14,"column":14}},"3":{"start":{"line":19,"column":4},"end":{"line":56,"column":9}},"4":{"start":{"line":21,"column":8},"end":{"line":21,"column":19}},"5":{"start":{"line":23,"column":8},"end":{"line":35,"column":13}},"6":{"start":{"line":24,"column":12},"end":{"line":34,"column":13}},"7":{"start":{"line":25,"column":16},"end":{"line":28,"column":30}},"8":{"start":{"line":30,"column":16},"end":{"line":33,"column":27}},"9":{"start":{"line":37,"column":8},"end":{"line":39,"column":21}},"10":{"start":{"line":40,"column":8},"end":{"line":53,"column":9}},"11":{"start":{"line":43,"column":12},"end":{"line":46,"column":14}},"12":{"start":{"line":47,"column":12},"end":{"line":47,"column":18}},"13":{"start":{"line":50,"column":12},"end":{"line":51,"column":46}},"14":{"start":{"line":52,"column":12},"end":{"line":52,"column":18}},"15":{"start":{"line":55,"column":8},"end":{"line":55,"column":35}},"16":{"start":{"line":61,"column":4},"end":{"line":63,"column":9}},"17":{"start":{"line":62,"column":8},"end":{"line":62,"column":15}},"18":{"start":{"line":64,"column":4},"end":{"line":77,"column":5}},"19":{"start":{"line":70,"column":8},"end":{"line":70,"column":14}},"20":{"start":{"line":76,"column":8},"end":{"line":76,"column":14}},"21":{"start":{"line":82,"column":4},"end":{"line":84,"column":9}},"22":{"start":{"line":83,"column":8},"end":{"line":83,"column":15}},"23":{"start":{"line":85,"column":4},"end":{"line":184,"column":5}},"24":{"start":{"line":92,"column":8},"end":{"line":94,"column":63}},"25":{"start":{"line":95,"column":8},"end":{"line":95,"column":14}},"26":{"start":{"line":102,"column":8},"end":{"line":111,"column":10},"skip":true},"27":{"start":{"line":109,"column":12},"end":{"line":109,"column":55},"skip":true},"28":{"start":{"line":110,"column":12},"end":{"line":110,"column":48},"skip":true},"29":{"start":{"line":113,"column":8},"end":{"line":126,"column":10},"skip":true},"30":{"start":{"line":120,"column":12},"end":{"line":120,"column":76},"skip":true},"31":{"start":{"line":121,"column":12},"end":{"line":121,"column":73},"skip":true},"32":{"start":{"line":122,"column":12},"end":{"line":122,"column":74},"skip":true},"33":{"start":{"line":123,"column":12},"end":{"line":123,"column":79},"skip":true},"34":{"start":{"line":124,"column":12},"end":{"line":124,"column":25},"skip":true},"35":{"start":{"line":125,"column":12},"end":{"line":125,"column":45},"skip":true},"36":{"start":{"line":128,"column":8},"end":{"line":135,"column":14},"skip":true},"37":{"start":{"line":133,"column":16},"end":{"line":133,"column":29},"skip":true},"38":{"start":{"line":134,"column":16},"end":{"line":134,"column":55},"skip":true},"39":{"start":{"line":137,"column":8},"end":{"line":146,"column":10},"skip":true},"40":{"start":{"line":144,"column":12},"end":{"line":144,"column":25},"skip":true},"41":{"start":{"line":145,"column":12},"end":{"line":145,"column":45},"skip":true},"42":{"start":{"line":148,"column":8},"end":{"line":157,"column":10},"skip":true},"43":{"start":{"line":155,"column":12},"end":{"line":155,"column":25},"skip":true},"44":{"start":{"line":156,"column":12},"end":{"line":156,"column":48},"skip":true},"45":{"start":{"line":159,"column":8},"end":{"line":168,"column":10},"skip":true},"46":{"start":{"line":166,"column":12},"end":{"line":166,"column":25},"skip":true},"47":{"start":{"line":167,"column":12},"end":{"line":167,"column":46},"skip":true},"48":{"start":{"line":170,"column":8},"end":{"line":179,"column":10},"skip":true},"49":{"start":{"line":177,"column":12},"end":{"line":177,"column":94},"skip":true},"50":{"start":{"line":178,"column":12},"end":{"line":178,"column":48},"skip":true},"51":{"start":{"line":182,"column":8},"end":{"line":182,"column":35},"skip":true},"52":{"start":{"line":183,"column":8},"end":{"line":183,"column":14},"skip":true}},"branchMap":{"1":{"line":25,"type":"binary-expr","locations":[{"start":{"line":25,"column":23},"end":{"line":25,"column":62}},{"start":{"line":26,"column":20},"end":{"line":26,"column":70}},{"start":{"line":27,"column":20},"end":{"line":27,"column":71}},{"start":{"line":28,"column":20},"end":{"line":28,"column":29}}]},"2":{"line":30,"type":"binary-expr","locations":[{"start":{"line":30,"column":23},"end":{"line":30,"column":37}},{"start":{"line":31,"column":20},"end":{"line":31,"column":61}},{"start":{"line":32,"column":20},"end":{"line":32,"column":70}},{"start":{"line":33,"column":20},"end":{"line":33,"column":26}}]},"3":{"line":37,"type":"cond-expr","locations":[{"start":{"line":38,"column":14},"end":{"line":38,"column":20}},{"start":{"line":39,"column":14},"end":{"line":39,"column":20}}]},"4":{"line":40,"type":"switch","locations":[{"start":{"line":42,"column":8},"end":{"line":47,"column":18}},{"start":{"line":49,"column":8},"end":{"line":52,"column":18}}]},"5":{"line":44,"type":"binary-expr","locations":[{"start":{"line":44,"column":16},"end":{"line":44,"column":44}},{"start":{"line":44,"column":48},"end":{"line":44,"column":66}}]},"6":{"line":50,"type":"binary-expr","locations":[{"start":{"line":50,"column":21},"end":{"line":50,"column":49}},{"start":{"line":50,"column":53},"end":{"line":50,"column":72}}]},"7":{"line":64,"type":"switch","locations":[{"start":{"line":69,"column":4},"end":{"line":70,"column":14}},{"start":{"line":75,"column":4},"end":{"line":76,"column":14}}]},"8":{"line":85,"type":"switch","locations":[{"start":{"line":90,"column":4},"end":{"line":95,"column":14}},{"start":{"line":101,"column":4},"end":{"line":183,"column":14},"skip":true}]},"9":{"line":92,"type":"binary-expr","locations":[{"start":{"line":92,"column":18},"end":{"line":92,"column":32}},{"start":{"line":93,"column":12},"end":{"line":93,"column":53}},{"start":{"line":94,"column":12},"end":{"line":94,"column":61}}]},"10":{"line":102,"type":"binary-expr","locations":[{"start":{"line":102,"column":45},"end":{"line":102,"column":79},"skip":true},{"start":{"line":102,"column":83},"end":{"line":111,"column":9},"skip":true}]},"11":{"line":113,"type":"binary-expr","locations":[{"start":{"line":113,"column":42},"end":{"line":113,"column":73},"skip":true},{"start":{"line":113,"column":77},"end":{"line":126,"column":9},"skip":true}]},"12":{"line":128,"type":"binary-expr","locations":[{"start":{"line":128,"column":48},"end":{"line":128,"column":85},"skip":true},{"start":{"line":129,"column":12},"end":{"line":135,"column":13},"skip":true}]},"13":{"line":137,"type":"binary-expr","locations":[{"start":{"line":137,"column":42},"end":{"line":137,"column":73},"skip":true},{"start":{"line":137,"column":77},"end":{"line":146,"column":9},"skip":true}]},"14":{"line":148,"type":"binary-expr","locations":[{"start":{"line":148,"column":45},"end":{"line":148,"column":79},"skip":true},{"start":{"line":148,"column":83},"end":{"line":157,"column":9},"skip":true}]},"15":{"line":159,"type":"binary-expr","locations":[{"start":{"line":159,"column":43},"end":{"line":159,"column":75},"skip":true},{"start":{"line":159,"column":79},"end":{"line":168,"column":9},"skip":true}]},"16":{"line":170,"type":"binary-expr","locations":[{"start":{"line":170,"column":41},"end":{"line":170,"column":71},"skip":true},{"start":{"line":170,"column":75},"end":{"line":179,"column":9},"skip":true}]}},"code":["/* istanbul instrument in package npmtest_cold_brew */","/*jslint","    bitwise: true,","    browser: true,","    maxerr: 8,","    maxlen: 96,","    node: true,","    nomen: true,","    regexp: true,","    stupid: true","*/","(function () {","    'use strict';","    var local;","","","","    // run shared js-env code - pre-init","    (function () {","        // init local","        local = {};","        // init modeJs","        local.modeJs = (function () {","            try {","                return typeof navigator.userAgent === 'string' &&","                    typeof document.querySelector('body') === 'object' &&","                    typeof XMLHttpRequest.prototype.open === 'function' &&","                    'browser';","            } catch (errorCaughtBrowser) {","                return module.exports &&","                    typeof process.versions.node === 'string' &&","                    typeof require('http').createServer === 'function' &&","                    'node';","            }","        }());","        // init global","        local.global = local.modeJs === 'browser'","            ? window","            : global;","        switch (local.modeJs) {","        // re-init local from window.local","        case 'browser':","            local = local.global.utility2.objectSetDefault(","                local.global.utility2_rollup || local.global.local,","                local.global.utility2","            );","            break;","        // re-init local from example.js","        case 'node':","            local = (local.global.utility2_rollup || require('utility2'))","                .requireExampleJsFromReadme();","            break;","        }","        // export local","        local.global.local = local;","    }());","","","","    // run shared js-env code - function","    (function () {","        return;","    }());","    switch (local.modeJs) {","","","","    // run browser js-env code - function","    case 'browser':","        break;","","","","    // run node js-env code - function","    case 'node':","        break;","    }","","","","    // run shared js-env code - post-init","    (function () {","        return;","    }());","    switch (local.modeJs) {","","","","    // run browser js-env code - post-init","    case 'browser':","        // run tests","        local.nop(local.modeTest &&","            document.querySelector('#testRunButton1') &&","            document.querySelector('#testRunButton1').click());","        break;","","","","    // run node js-env code - post-init","    /* istanbul ignore next */","    case 'node':","        local.testCase_buildApidoc_default = local.testCase_buildApidoc_default || function (","            options,","            onError","        ) {","        /*","         * this function will test buildApidoc's default handling-behavior-behavior","         */","            options = { modulePathList: module.paths };","            local.buildApidoc(options, onError);","        };","","        local.testCase_buildApp_default = local.testCase_buildApp_default || function (","            options,","            onError","        ) {","        /*","         * this function will test buildApp's default handling-behavior-behavior","         */","            local.testCase_buildReadme_default(options, local.onErrorThrow);","            local.testCase_buildLib_default(options, local.onErrorThrow);","            local.testCase_buildTest_default(options, local.onErrorThrow);","            local.testCase_buildCustomOrg_default(options, local.onErrorThrow);","            options = [];","            local.buildApp(options, onError);","        };","","        local.testCase_buildCustomOrg_default = local.testCase_buildCustomOrg_default ||","            function (options, onError) {","            /*","             * this function will test buildCustomOrg's default handling-behavior","             */","                options = {};","                local.buildCustomOrg(options, onError);","            };","","        local.testCase_buildLib_default = local.testCase_buildLib_default || function (","            options,","            onError","        ) {","        /*","         * this function will test buildLib's default handling-behavior","         */","            options = {};","            local.buildLib(options, onError);","        };","","        local.testCase_buildReadme_default = local.testCase_buildReadme_default || function (","            options,","            onError","        ) {","        /*","         * this function will test buildReadme's default handling-behavior-behavior","         */","            options = {};","            local.buildReadme(options, onError);","        };","","        local.testCase_buildTest_default = local.testCase_buildTest_default || function (","            options,","            onError","        ) {","        /*","         * this function will test buildTest's default handling-behavior","         */","            options = {};","            local.buildTest(options, onError);","        };","","        local.testCase_webpage_default = local.testCase_webpage_default || function (","            options,","            onError","        ) {","        /*","         * this function will test webpage's default handling-behavior","         */","            options = { modeCoverageMerge: true, url: local.serverLocalHost + '?modeTest=1' };","            local.browserTest(options, onError);","        };","","        // run test-server","        local.testRunServer(local);","        break;","    }","}());",""],"l":{"12":2,"14":2,"19":2,"21":2,"23":2,"24":2,"25":2,"30":1,"37":2,"40":2,"43":1,"47":1,"50":1,"52":1,"55":2,"61":2,"62":2,"64":2,"70":1,"76":1,"82":2,"83":2,"85":2,"92":1,"95":1,"102":1,"109":1,"110":1,"113":1,"120":1,"121":1,"122":1,"123":1,"124":1,"125":1,"128":1,"133":2,"134":2,"137":1,"144":2,"145":2,"148":1,"155":2,"156":2,"159":1,"166":2,"167":2,"170":1,"177":1,"178":1,"182":1,"183":1}},"/home/travis/build/npmtest/node-npmtest-cold-brew/lib.npmtest_cold_brew.js":{"path":"/home/travis/build/npmtest/node-npmtest-cold-brew/lib.npmtest_cold_brew.js","s":{"1":2,"2":2,"3":2,"4":2,"5":2,"6":2,"7":2,"8":1,"9":2,"10":2,"11":2,"12":2,"13":1,"14":1,"15":1,"16":1},"b":{"1":[2,1,1,1],"2":[1,1,1,1],"3":[1,1],"4":[2,2],"5":[1,1]},"f":{"1":2,"2":2,"3":2},"fnMap":{"1":{"name":"(anonymous_1)","line":12,"loc":{"start":{"line":12,"column":1},"end":{"line":12,"column":13}}},"2":{"name":"(anonymous_2)","line":19,"loc":{"start":{"line":19,"column":5},"end":{"line":19,"column":17}}},"3":{"name":"(anonymous_3)","line":23,"loc":{"start":{"line":23,"column":24},"end":{"line":23,"column":36}}}},"statementMap":{"1":{"start":{"line":12,"column":0},"end":{"line":53,"column":5}},"2":{"start":{"line":14,"column":4},"end":{"line":14,"column":14}},"3":{"start":{"line":19,"column":4},"end":{"line":52,"column":9}},"4":{"start":{"line":21,"column":8},"end":{"line":21,"column":19}},"5":{"start":{"line":23,"column":8},"end":{"line":35,"column":13}},"6":{"start":{"line":24,"column":12},"end":{"line":34,"column":13}},"7":{"start":{"line":25,"column":16},"end":{"line":28,"column":30}},"8":{"start":{"line":30,"column":16},"end":{"line":33,"column":27}},"9":{"start":{"line":37,"column":8},"end":{"line":39,"column":21}},"10":{"start":{"line":41,"column":8},"end":{"line":41,"column":54}},"11":{"start":{"line":43,"column":8},"end":{"line":43,"column":54}},"12":{"start":{"line":45,"column":8},"end":{"line":51,"column":9}},"13":{"start":{"line":46,"column":12},"end":{"line":46,"column":60}},"14":{"start":{"line":48,"column":12},"end":{"line":48,"column":35}},"15":{"start":{"line":49,"column":12},"end":{"line":49,"column":49}},"16":{"start":{"line":50,"column":12},"end":{"line":50,"column":43}}},"branchMap":{"1":{"line":25,"type":"binary-expr","locations":[{"start":{"line":25,"column":23},"end":{"line":25,"column":62}},{"start":{"line":26,"column":20},"end":{"line":26,"column":70}},{"start":{"line":27,"column":20},"end":{"line":27,"column":71}},{"start":{"line":28,"column":20},"end":{"line":28,"column":29}}]},"2":{"line":30,"type":"binary-expr","locations":[{"start":{"line":30,"column":23},"end":{"line":30,"column":37}},{"start":{"line":31,"column":20},"end":{"line":31,"column":61}},{"start":{"line":32,"column":20},"end":{"line":32,"column":70}},{"start":{"line":33,"column":20},"end":{"line":33,"column":26}}]},"3":{"line":37,"type":"cond-expr","locations":[{"start":{"line":38,"column":14},"end":{"line":38,"column":20}},{"start":{"line":39,"column":14},"end":{"line":39,"column":20}}]},"4":{"line":41,"type":"binary-expr","locations":[{"start":{"line":41,"column":16},"end":{"line":41,"column":44}},{"start":{"line":41,"column":48},"end":{"line":41,"column":53}}]},"5":{"line":45,"type":"if","locations":[{"start":{"line":45,"column":8},"end":{"line":45,"column":8}},{"start":{"line":45,"column":8},"end":{"line":45,"column":8}}]}},"code":["/* istanbul instrument in package npmtest_cold_brew */","/*jslint","    bitwise: true,","    browser: true,","    maxerr: 8,","    maxlen: 96,","    node: true,","    nomen: true,","    regexp: true,","    stupid: true","*/","(function () {","    'use strict';","    var local;","","","","    // run shared js-env code - pre-init","    (function () {","        // init local","        local = {};","        // init modeJs","        local.modeJs = (function () {","            try {","                return typeof navigator.userAgent === 'string' &&","                    typeof document.querySelector('body') === 'object' &&","                    typeof XMLHttpRequest.prototype.open === 'function' &&","                    'browser';","            } catch (errorCaughtBrowser) {","                return module.exports &&","                    typeof process.versions.node === 'string' &&","                    typeof require('http').createServer === 'function' &&","                    'node';","            }","        }());","        // init global","        local.global = local.modeJs === 'browser'","            ? window","            : global;","        // init utility2_rollup","        local = local.global.utility2_rollup || local;","        // init lib","        local.local = local.npmtest_cold_brew = local;","        // init exports","        if (local.modeJs === 'browser') {","            local.global.utility2_npmtest_cold_brew = local;","        } else {","            module.exports = local;","            module.exports.__dirname = __dirname;","            module.exports.module = module;","        }","    }());","}());",""],"l":{"12":2,"14":2,"19":2,"21":2,"23":2,"24":2,"25":2,"30":1,"37":2,"41":2,"43":2,"45":2,"46":1,"48":1,"49":1,"50":1}},"/home/travis/build/npmtest/node-npmtest-cold-brew/example.js":{"path":"/home/travis/build/npmtest/node-npmtest-cold-brew/example.js","s":{"1":2,"2":2,"3":2,"4":2,"5":2,"6":2,"7":2,"8":1,"9":2,"10":2,"11":2,"12":2,"13":1,"14":2,"15":2,"16":2,"17":2,"18":2,"19":0,"20":2,"21":1,"22":1,"23":1,"24":1,"25":1,"26":0,"27":0,"28":1,"29":1,"30":2,"31":0,"32":0,"33":0,"34":1,"35":2,"36":2,"37":2,"38":2,"39":2,"40":2,"41":0,"42":2,"43":2,"44":2,"45":1,"46":3,"47":1,"48":1,"49":1,"50":1,"51":1,"52":1,"53":1,"54":1,"55":1,"56":1,"57":0,"58":1,"59":6,"60":6,"61":1,"62":2,"63":0,"64":2,"65":1,"66":1,"67":0,"68":0,"69":0,"70":0,"71":0,"72":0,"73":0,"74":0,"75":0,"76":0,"77":0,"78":0,"79":0,"80":0,"81":0,"82":0,"83":0},"b":{"1":[2,1,1,1],"2":[1,1,1,1],"3":[1,1],"4":[2,2],"5":[1,1],"6":[1,1],"7":[2,0],"8":[2,1,1,1,1,1],"9":[0,2,0],"10":[1,1],"11":[2,1,1],"12":[1,0],"13":[0,2],"14":[2,0,0,0,0,0,0],"15":[0,2],"16":[2,0],"17":[1,1],"18":[0,1],"19":[1,2,0,2],"20":[1,0],"21":[1,1],"22":[0,0],"23":[0,0],"24":[0,0],"25":[0,0],"26":[0,0],"27":[0,0],"28":[0,0]},"f":{"1":2,"2":2,"3":2,"4":2,"5":2,"6":2,"7":2,"8":2,"9":3,"10":1,"11":6,"12":0},"fnMap":{"1":{"name":"(anonymous_1)","line":26,"loc":{"start":{"line":26,"column":1},"end":{"line":26,"column":13}}},"2":{"name":"(anonymous_2)","line":33,"loc":{"start":{"line":33,"column":5},"end":{"line":33,"column":17}}},"3":{"name":"(anonymous_3)","line":37,"loc":{"start":{"line":37,"column":24},"end":{"line":37,"column":36}}},"4":{"name":"(anonymous_4)","line":69,"loc":{"start":{"line":69,"column":31},"end":{"line":69,"column":48}},"skip":true},"5":{"name":"(anonymous_5)","line":78,"loc":{"start":{"line":78,"column":26},"end":{"line":78,"column":45}},"skip":true},"6":{"name":"(anonymous_6)","line":123,"loc":{"start":{"line":123,"column":33},"end":{"line":123,"column":48}},"skip":true},"7":{"name":"(anonymous_7)","line":125,"loc":{"start":{"line":125,"column":27},"end":{"line":125,"column":39}},"skip":true},"8":{"name":"(anonymous_8)","line":133,"loc":{"start":{"line":133,"column":59},"end":{"line":133,"column":74}},"skip":true},"9":{"name":"(anonymous_9)","line":143,"loc":{"start":{"line":143,"column":45},"end":{"line":143,"column":62}},"skip":true},"10":{"name":"(anonymous_10)","line":144,"loc":{"start":{"line":144,"column":73},"end":{"line":144,"column":92}},"skip":true},"11":{"name":"(anonymous_11)","line":272,"loc":{"start":{"line":272,"column":51},"end":{"line":272,"column":77}},"skip":true},"12":{"name":"(anonymous_12)","line":314,"loc":{"start":{"line":314,"column":32},"end":{"line":314,"column":61}},"skip":true}},"statementMap":{"1":{"start":{"line":26,"column":0},"end":{"line":325,"column":5}},"2":{"start":{"line":28,"column":4},"end":{"line":28,"column":14}},"3":{"start":{"line":33,"column":4},"end":{"line":60,"column":9}},"4":{"start":{"line":35,"column":8},"end":{"line":35,"column":19}},"5":{"start":{"line":37,"column":8},"end":{"line":49,"column":13}},"6":{"start":{"line":38,"column":12},"end":{"line":48,"column":13}},"7":{"start":{"line":39,"column":16},"end":{"line":42,"column":30}},"8":{"start":{"line":44,"column":16},"end":{"line":47,"column":27}},"9":{"start":{"line":51,"column":8},"end":{"line":53,"column":21}},"10":{"start":{"line":55,"column":8},"end":{"line":57,"column":45}},"11":{"start":{"line":59,"column":8},"end":{"line":59,"column":35}},"12":{"start":{"line":61,"column":4},"end":{"line":324,"column":5}},"13":{"start":{"line":69,"column":8},"end":{"line":121,"column":10},"skip":true},"14":{"start":{"line":70,"column":12},"end":{"line":88,"column":13},"skip":true},"15":{"start":{"line":76,"column":16},"end":{"line":87,"column":19},"skip":true},"16":{"start":{"line":79,"column":20},"end":{"line":86,"column":21},"skip":true},"17":{"start":{"line":82,"column":24},"end":{"line":82,"column":43},"skip":true},"18":{"start":{"line":83,"column":24},"end":{"line":83,"column":30},"skip":true},"19":{"start":{"line":85,"column":24},"end":{"line":85,"column":49},"skip":true},"20":{"start":{"line":89,"column":12},"end":{"line":107,"column":13},"skip":true},"21":{"start":{"line":92,"column":16},"end":{"line":102,"column":17},"skip":true},"22":{"start":{"line":93,"column":20},"end":{"line":93,"column":86},"skip":true},"23":{"start":{"line":94,"column":20},"end":{"line":95,"column":45},"skip":true},"24":{"start":{"line":96,"column":20},"end":{"line":96,"column":42},"skip":true},"25":{"start":{"line":97,"column":20},"end":{"line":97,"column":48},"skip":true},"26":{"start":{"line":100,"column":20},"end":{"line":100,"column":85},"skip":true},"27":{"start":{"line":101,"column":20},"end":{"line":101,"column":96},"skip":true},"28":{"start":{"line":103,"column":16},"end":{"line":103,"column":22},"skip":true},"29":{"start":{"line":106,"column":16},"end":{"line":106,"column":22},"skip":true},"30":{"start":{"line":108,"column":12},"end":{"line":120,"column":13},"skip":true},"31":{"start":{"line":114,"column":16},"end":{"line":119,"column":17},"skip":true},"32":{"start":{"line":116,"column":20},"end":{"line":116,"column":78},"skip":true},"33":{"start":{"line":118,"column":20},"end":{"line":118,"column":47},"skip":true},"34":{"start":{"line":123,"column":8},"end":{"line":141,"column":11},"skip":true},"35":{"start":{"line":124,"column":12},"end":{"line":124,"column":54},"skip":true},"36":{"start":{"line":125,"column":12},"end":{"line":140,"column":14},"skip":true},"37":{"start":{"line":126,"column":16},"end":{"line":126,"column":28},"skip":true},"38":{"start":{"line":127,"column":16},"end":{"line":127,"column":69},"skip":true},"39":{"start":{"line":128,"column":16},"end":{"line":128,"column":75},"skip":true},"40":{"start":{"line":129,"column":16},"end":{"line":131,"column":17},"skip":true},"41":{"start":{"line":130,"column":20},"end":{"line":130,"column":27},"skip":true},"42":{"start":{"line":133,"column":16},"end":{"line":137,"column":36},"skip":true},"43":{"start":{"line":134,"column":20},"end":{"line":136,"column":55},"skip":true},"44":{"start":{"line":139,"column":16},"end":{"line":139,"column":57},"skip":true},"45":{"start":{"line":143,"column":8},"end":{"line":147,"column":11},"skip":true},"46":{"start":{"line":144,"column":12},"end":{"line":146,"column":15},"skip":true},"47":{"start":{"line":145,"column":16},"end":{"line":145,"column":70},"skip":true},"48":{"start":{"line":149,"column":8},"end":{"line":149,"column":31},"skip":true},"49":{"start":{"line":150,"column":8},"end":{"line":150,"column":14},"skip":true},"50":{"start":{"line":158,"column":8},"end":{"line":158,"column":31},"skip":true},"51":{"start":{"line":160,"column":8},"end":{"line":160,"column":33},"skip":true},"52":{"start":{"line":161,"column":8},"end":{"line":161,"column":37},"skip":true},"53":{"start":{"line":162,"column":8},"end":{"line":162,"column":35},"skip":true},"54":{"start":{"line":164,"column":8},"end":{"line":164,"column":50},"skip":true},"55":{"start":{"line":166,"column":8},"end":{"line":256,"column":2},"skip":true},"56":{"start":{"line":258,"column":8},"end":{"line":286,"column":9},"skip":true},"57":{"start":{"line":259,"column":12},"end":{"line":269,"column":14},"skip":true},"58":{"start":{"line":271,"column":12},"end":{"line":285,"column":19},"skip":true},"59":{"start":{"line":274,"column":20},"end":{"line":274,"column":35},"skip":true},"60":{"start":{"line":275,"column":20},"end":{"line":284,"column":21},"skip":true},"61":{"start":{"line":277,"column":24},"end":{"line":277,"column":64},"skip":true},"62":{"start":{"line":279,"column":24},"end":{"line":279,"column":40},"skip":true},"63":{"start":{"line":281,"column":24},"end":{"line":281,"column":40},"skip":true},"64":{"start":{"line":283,"column":24},"end":{"line":283,"column":39},"skip":true},"65":{"start":{"line":288,"column":8},"end":{"line":290,"column":9},"skip":true},"66":{"start":{"line":289,"column":12},"end":{"line":289,"column":18},"skip":true},"67":{"start":{"line":291,"column":8},"end":{"line":293,"column":54},"skip":true},"68":{"start":{"line":294,"column":8},"end":{"line":301,"column":37},"skip":true},"69":{"start":{"line":302,"column":8},"end":{"line":302,"column":82},"skip":true},"70":{"start":{"line":305,"column":8},"end":{"line":307,"column":9},"skip":true},"71":{"start":{"line":306,"column":12},"end":{"line":306,"column":82},"skip":true},"72":{"start":{"line":309,"column":8},"end":{"line":311,"column":9},"skip":true},"73":{"start":{"line":310,"column":12},"end":{"line":310,"column":18},"skip":true},"74":{"start":{"line":312,"column":8},"end":{"line":312,"column":54},"skip":true},"75":{"start":{"line":313,"column":8},"end":{"line":313,"column":69},"skip":true},"76":{"start":{"line":314,"column":8},"end":{"line":322,"column":36},"skip":true},"77":{"start":{"line":315,"column":12},"end":{"line":315,"column":61},"skip":true},"78":{"start":{"line":316,"column":12},"end":{"line":319,"column":13},"skip":true},"79":{"start":{"line":317,"column":16},"end":{"line":317,"column":75},"skip":true},"80":{"start":{"line":318,"column":16},"end":{"line":318,"column":23},"skip":true},"81":{"start":{"line":320,"column":12},"end":{"line":320,"column":38},"skip":true},"82":{"start":{"line":321,"column":12},"end":{"line":321,"column":27},"skip":true},"83":{"start":{"line":323,"column":8},"end":{"line":323,"column":14},"skip":true}},"branchMap":{"1":{"line":39,"type":"binary-expr","locations":[{"start":{"line":39,"column":23},"end":{"line":39,"column":62}},{"start":{"line":40,"column":20},"end":{"line":40,"column":70}},{"start":{"line":41,"column":20},"end":{"line":41,"column":71}},{"start":{"line":42,"column":20},"end":{"line":42,"column":29}}]},"2":{"line":44,"type":"binary-expr","locations":[{"start":{"line":44,"column":23},"end":{"line":44,"column":37}},{"start":{"line":45,"column":20},"end":{"line":45,"column":61}},{"start":{"line":46,"column":20},"end":{"line":46,"column":70}},{"start":{"line":47,"column":20},"end":{"line":47,"column":26}}]},"3":{"line":51,"type":"cond-expr","locations":[{"start":{"line":52,"column":14},"end":{"line":52,"column":20}},{"start":{"line":53,"column":14},"end":{"line":53,"column":20}}]},"4":{"line":55,"type":"binary-expr","locations":[{"start":{"line":55,"column":16},"end":{"line":55,"column":44}},{"start":{"line":55,"column":49},"end":{"line":57,"column":43}}]},"5":{"line":55,"type":"cond-expr","locations":[{"start":{"line":56,"column":14},"end":{"line":56,"column":53}},{"start":{"line":57,"column":14},"end":{"line":57,"column":43}}]},"6":{"line":61,"type":"switch","locations":[{"start":{"line":68,"column":4},"end":{"line":150,"column":14},"skip":true},{"start":{"line":156,"column":4},"end":{"line":323,"column":14},"skip":true}]},"7":{"line":70,"type":"if","locations":[{"start":{"line":70,"column":12},"end":{"line":70,"column":12},"skip":true},{"start":{"line":70,"column":12},"end":{"line":70,"column":12},"skip":true}]},"8":{"line":70,"type":"binary-expr","locations":[{"start":{"line":70,"column":16},"end":{"line":70,"column":22},"skip":true},{"start":{"line":70,"column":27},"end":{"line":70,"column":32},"skip":true},{"start":{"line":71,"column":20},"end":{"line":71,"column":39},"skip":true},{"start":{"line":72,"column":20},"end":{"line":72,"column":49},"skip":true},{"start":{"line":73,"column":20},"end":{"line":73,"column":58},"skip":true},{"start":{"line":74,"column":20},"end":{"line":74,"column":69},"skip":true}]},"9":{"line":79,"type":"switch","locations":[{"start":{"line":80,"column":20},"end":{"line":80,"column":33},"skip":true},{"start":{"line":81,"column":20},"end":{"line":83,"column":30},"skip":true},{"start":{"line":84,"column":20},"end":{"line":85,"column":49},"skip":true}]},"10":{"line":89,"type":"switch","locations":[{"start":{"line":90,"column":12},"end":{"line":103,"column":22},"skip":true},{"start":{"line":105,"column":12},"end":{"line":106,"column":22},"skip":true}]},"11":{"line":89,"type":"binary-expr","locations":[{"start":{"line":89,"column":20},"end":{"line":89,"column":25},"skip":true},{"start":{"line":89,"column":29},"end":{"line":89,"column":48},"skip":true},{"start":{"line":89,"column":52},"end":{"line":89,"column":74},"skip":true}]},"12":{"line":92,"type":"if","locations":[{"start":{"line":92,"column":16},"end":{"line":92,"column":16},"skip":true},{"start":{"line":92,"column":16},"end":{"line":92,"column":16},"skip":true}]},"13":{"line":108,"type":"if","locations":[{"start":{"line":108,"column":12},"end":{"line":108,"column":12},"skip":true},{"start":{"line":108,"column":12},"end":{"line":108,"column":12},"skip":true}]},"14":{"line":108,"type":"binary-expr","locations":[{"start":{"line":108,"column":16},"end":{"line":108,"column":61},"skip":true},{"start":{"line":108,"column":66},"end":{"line":108,"column":72},"skip":true},{"start":{"line":108,"column":77},"end":{"line":108,"column":82},"skip":true},{"start":{"line":109,"column":20},"end":{"line":109,"column":39},"skip":true},{"start":{"line":110,"column":20},"end":{"line":110,"column":49},"skip":true},{"start":{"line":111,"column":20},"end":{"line":111,"column":58},"skip":true},{"start":{"line":112,"column":20},"end":{"line":112,"column":68},"skip":true}]},"15":{"line":129,"type":"if","locations":[{"start":{"line":129,"column":16},"end":{"line":129,"column":16},"skip":true},{"start":{"line":129,"column":16},"end":{"line":129,"column":16},"skip":true}]},"16":{"line":134,"type":"cond-expr","locations":[{"start":{"line":135,"column":26},"end":{"line":135,"column":29},"skip":true},{"start":{"line":136,"column":26},"end":{"line":136,"column":54},"skip":true}]},"17":{"line":164,"type":"binary-expr","locations":[{"start":{"line":164,"column":27},"end":{"line":164,"column":43},"skip":true},{"start":{"line":164,"column":47},"end":{"line":164,"column":49},"skip":true}]},"18":{"line":258,"type":"if","locations":[{"start":{"line":258,"column":8},"end":{"line":258,"column":8},"skip":true},{"start":{"line":258,"column":8},"end":{"line":258,"column":8},"skip":true}]},"19":{"line":275,"type":"switch","locations":[{"start":{"line":276,"column":20},"end":{"line":277,"column":64},"skip":true},{"start":{"line":278,"column":20},"end":{"line":279,"column":40},"skip":true},{"start":{"line":280,"column":20},"end":{"line":281,"column":40},"skip":true},{"start":{"line":282,"column":20},"end":{"line":283,"column":39},"skip":true}]},"20":{"line":288,"type":"if","locations":[{"start":{"line":288,"column":8},"end":{"line":288,"column":8},"skip":true},{"start":{"line":288,"column":8},"end":{"line":288,"column":8},"skip":true}]},"21":{"line":288,"type":"binary-expr","locations":[{"start":{"line":288,"column":12},"end":{"line":288,"column":40},"skip":true},{"start":{"line":288,"column":44},"end":{"line":288,"column":67},"skip":true}]},"22":{"line":292,"type":"binary-expr","locations":[{"start":{"line":292,"column":12},"end":{"line":292,"column":50},"skip":true},{"start":{"line":293,"column":12},"end":{"line":293,"column":53},"skip":true}]},"23":{"line":295,"type":"binary-expr","locations":[{"start":{"line":295,"column":12},"end":{"line":295,"column":67},"skip":true},{"start":{"line":296,"column":12},"end":{"line":301,"column":36},"skip":true}]},"24":{"line":302,"type":"binary-expr","locations":[{"start":{"line":302,"column":43},"end":{"line":302,"column":75},"skip":true},{"start":{"line":302,"column":79},"end":{"line":302,"column":81},"skip":true}]},"25":{"line":305,"type":"if","locations":[{"start":{"line":305,"column":8},"end":{"line":305,"column":8},"skip":true},{"start":{"line":305,"column":8},"end":{"line":305,"column":8},"skip":true}]},"26":{"line":309,"type":"if","locations":[{"start":{"line":309,"column":8},"end":{"line":309,"column":8},"skip":true},{"start":{"line":309,"column":8},"end":{"line":309,"column":8},"skip":true}]},"27":{"line":312,"type":"binary-expr","locations":[{"start":{"line":312,"column":27},"end":{"line":312,"column":43},"skip":true},{"start":{"line":312,"column":47},"end":{"line":312,"column":53},"skip":true}]},"28":{"line":316,"type":"if","locations":[{"start":{"line":316,"column":12},"end":{"line":316,"column":12},"skip":true},{"start":{"line":316,"column":12},"end":{"line":316,"column":12},"skip":true}]}},"code":["/*","example.js","","quickstart example","","instruction","    1. save this script as example.js","    2. run the shell command:","        $ npm install npmtest-cold-brew && PORT=8081 node example.js","    3. play with the browser-demo on http://127.0.0.1:8081","*/","","","","/* istanbul instrument in package npmtest_cold_brew */","/*jslint","    bitwise: true,","    browser: true,","    maxerr: 8,","    maxlen: 96,","    node: true,","    nomen: true,","    regexp: true,","    stupid: true","*/","(function () {","    'use strict';","    var local;","","","","    // run shared js-env code - pre-init","    (function () {","        // init local","        local = {};","        // init modeJs","        local.modeJs = (function () {","            try {","                return typeof navigator.userAgent === 'string' &&","                    typeof document.querySelector('body') === 'object' &&","                    typeof XMLHttpRequest.prototype.open === 'function' &&","                    'browser';","            } catch (errorCaughtBrowser) {","                return module.exports &&","                    typeof process.versions.node === 'string' &&","                    typeof require('http').createServer === 'function' &&","                    'node';","            }","        }());","        // init global","        local.global = local.modeJs === 'browser'","            ? window","            : global;","        // init utility2_rollup","        local = local.global.utility2_rollup || (local.modeJs === 'browser'","            ? local.global.utility2_npmtest_cold_brew","            : global.utility2_moduleExports);","        // export local","        local.global.local = local;","    }());","    switch (local.modeJs) {","","","","    // post-init","    // run browser js-env code - post-init","    /* istanbul ignore next */","    case 'browser':","        local.testRunBrowser = function (event) {","            if (!event || (event &&","                    event.currentTarget &&","                    event.currentTarget.className &&","                    event.currentTarget.className.includes &&","                    event.currentTarget.className.includes('onreset'))) {","                // reset output","                Array.from(","                    document.querySelectorAll('body > .resettable')","                ).forEach(function (element) {","                    switch (element.tagName) {","                    case 'INPUT':","                    case 'TEXTAREA':","                        element.value = '';","                        break;","                    default:","                        element.textContent = '';","                    }","                });","            }","            switch (event && event.currentTarget && event.currentTarget.id) {","            case 'testRunButton1':","                // show tests","                if (document.querySelector('#testReportDiv1').style.display === 'none') {","                    document.querySelector('#testReportDiv1').style.display = 'block';","                    document.querySelector('#testRunButton1').textContent =","                        'hide internal test';","                    local.modeTest = true;","                    local.testRunDefault(local);","                // hide tests","                } else {","                    document.querySelector('#testReportDiv1').style.display = 'none';","                    document.querySelector('#testRunButton1').textContent = 'run internal test';","                }","                break;","            // custom-case","            default:","                break;","            }","            if (document.querySelector('#inputTextareaEval1') && (!event || (event &&","                    event.currentTarget &&","                    event.currentTarget.className &&","                    event.currentTarget.className.includes &&","                    event.currentTarget.className.includes('oneval')))) {","                // try to eval input-code","                try {","                    /*jslint evil: true*/","                    eval(document.querySelector('#inputTextareaEval1').value);","                } catch (errorCaught) {","                    console.error(errorCaught);","                }","            }","        };","        // log stderr and stdout to #outputTextareaStdout1","        ['error', 'log'].forEach(function (key) {","            console[key + '_original'] = console[key];","            console[key] = function () {","                var element;","                console[key + '_original'].apply(console, arguments);","                element = document.querySelector('#outputTextareaStdout1');","                if (!element) {","                    return;","                }","                // append text to #outputTextareaStdout1","                element.value += Array.from(arguments).map(function (arg) {","                    return typeof arg === 'string'","                        ? arg","                        : JSON.stringify(arg, null, 4);","                }).join(' ') + '\\n';","                // scroll textarea to bottom","                element.scrollTop = element.scrollHeight;","            };","        });","        // init event-handling","        ['change', 'click', 'keyup'].forEach(function (event) {","            Array.from(document.querySelectorAll('.on' + event)).forEach(function (element) {","                element.addEventListener(event, local.testRunBrowser);","            });","        });","        // run tests","        local.testRunBrowser();","        break;","","","","    // run node js-env code - post-init","    /* istanbul ignore next */","    case 'node':","        // export local","        module.exports = local;","        // require modules","        local.fs = require('fs');","        local.http = require('http');","        local.url = require('url');","        // init assets","        local.assetsDict = local.assetsDict || {};","        /* jslint-ignore-begin */","        local.assetsDict['/assets.index.template.html'] = '\\","<!doctype html>\\n\\","<html lang=\"en\">\\n\\","<head>\\n\\","<meta charset=\"UTF-8\">\\n\\","<meta name=\"viewport\" content=\"width=device-width, initial-scale=1\">\\n\\","<title>{{env.npm_package_name}} (v{{env.npm_package_version}})</title>\\n\\","<style>\\n\\","/*csslint\\n\\","    box-sizing: false,\\n\\","    universal-selector: false\\n\\","*/\\n\\","* {\\n\\","    box-sizing: border-box;\\n\\","}\\n\\","body {\\n\\","    background: #dde;\\n\\","    font-family: Arial, Helvetica, sans-serif;\\n\\","    margin: 2rem;\\n\\","}\\n\\","body > * {\\n\\","    margin-bottom: 1rem;\\n\\","}\\n\\",".utility2FooterDiv {\\n\\","    margin-top: 20px;\\n\\","    text-align: center;\\n\\","}\\n\\","</style>\\n\\","<style>\\n\\","/*csslint\\n\\","*/\\n\\","textarea {\\n\\","    font-family: monospace;\\n\\","    height: 10rem;\\n\\","    width: 100%;\\n\\","}\\n\\","textarea[readonly] {\\n\\","    background: #ddd;\\n\\","}\\n\\","</style>\\n\\","</head>\\n\\","<body>\\n\\","<!-- utility2-comment\\n\\","<div id=\"ajaxProgressDiv1\" style=\"background: #d00; height: 2px; left: 0; margin: 0; padding: 0; position: fixed; top: 0; transition: background 0.5s, width 1.5s; width: 25%;\"></div>\\n\\","utility2-comment -->\\n\\","<h1>\\n\\","<!-- utility2-comment\\n\\","    <a\\n\\","        {{#if env.npm_package_homepage}}\\n\\","        href=\"{{env.npm_package_homepage}}\"\\n\\","        {{/if env.npm_package_homepage}}\\n\\","        target=\"_blank\"\\n\\","    >\\n\\","utility2-comment -->\\n\\","        {{env.npm_package_name}} (v{{env.npm_package_version}})\\n\\","<!-- utility2-comment\\n\\","    </a>\\n\\","utility2-comment -->\\n\\","</h1>\\n\\","<h3>{{env.npm_package_description}}</h3>\\n\\","<!-- utility2-comment\\n\\","<h4><a download href=\"assets.app.js\">download standalone app</a></h4>\\n\\","<button class=\"onclick onreset\" id=\"testRunButton1\">run internal test</button><br>\\n\\","<div id=\"testReportDiv1\" style=\"display: none;\"></div>\\n\\","utility2-comment -->\\n\\","\\n\\","\\n\\","\\n\\","<label>stderr and stdout</label>\\n\\","<textarea class=\"resettable\" id=\"outputTextareaStdout1\" readonly></textarea>\\n\\","<!-- utility2-comment\\n\\","{{#if isRollup}}\\n\\","<script src=\"assets.app.js\"></script>\\n\\","{{#unless isRollup}}\\n\\","utility2-comment -->\\n\\","<script src=\"assets.utility2.rollup.js\"></script>\\n\\","<script src=\"jsonp.utility2._stateInit?callback=window.utility2._stateInit\"></script>\\n\\","<script src=\"assets.npmtest_cold_brew.rollup.js\"></script>\\n\\","<script src=\"assets.example.js\"></script>\\n\\","<script src=\"assets.test.js\"></script>\\n\\","<!-- utility2-comment\\n\\","{{/if isRollup}}\\n\\","utility2-comment -->\\n\\","<div class=\"utility2FooterDiv\">\\n\\","    [ this app was created with\\n\\","    <a href=\"https://github.com/kaizhu256/node-utility2\" target=\"_blank\">utility2</a>\\n\\","    ]\\n\\","</div>\\n\\","</body>\\n\\","</html>\\n\\","';","        /* jslint-ignore-end */","        if (local.templateRender) {","            local.assetsDict['/'] = local.templateRender(","                local.assetsDict['/assets.index.template.html'],","                {","                    env: local.objectSetDefault(local.env, {","                        npm_package_description: 'the greatest app in the world!',","                        npm_package_name: 'my-app',","                        npm_package_nameAlias: 'my_app',","                        npm_package_version: '0.0.1'","                    })","                }","            );","        } else {","            local.assetsDict['/'] = local.assetsDict['/assets.index.template.html']","                .replace((/\\{\\{env\\.(\\w+?)\\}\\}/g), function (match0, match1) {","                    // jslint-hack","                    String(match0);","                    switch (match1) {","                    case 'npm_package_description':","                        return 'the greatest app in the world!';","                    case 'npm_package_name':","                        return 'my-app';","                    case 'npm_package_nameAlias':","                        return 'my_app';","                    case 'npm_package_version':","                        return '0.0.1';","                    }","                });","        }","        // run the cli","        if (local.global.utility2_rollup || module !== require.main) {","            break;","        }","        local.assetsDict['/assets.example.js'] =","            local.assetsDict['/assets.example.js'] ||","            local.fs.readFileSync(__filename, 'utf8');","        local.assetsDict['/assets.npmtest_cold_brew.rollup.js'] =","            local.assetsDict['/assets.npmtest_cold_brew.rollup.js'] ||","            local.fs.readFileSync(","                // buildCustomOrg-hack","                local.npmtest_cold_brew.__dirname +","                    '/lib.npmtest_cold_brew.js',","                'utf8'","            ).replace((/^#!/), '//');","        local.assetsDict['/favicon.ico'] = local.assetsDict['/favicon.ico'] || '';","        // if $npm_config_timeout_exit exists,","        // then exit this process after $npm_config_timeout_exit ms","        if (Number(process.env.npm_config_timeout_exit)) {","            setTimeout(process.exit, Number(process.env.npm_config_timeout_exit));","        }","        // start server","        if (local.global.utility2_serverHttp1) {","            break;","        }","        process.env.PORT = process.env.PORT || '8081';","        console.error('server starting on port ' + process.env.PORT);","        local.http.createServer(function (request, response) {","            request.urlParsed = local.url.parse(request.url);","            if (local.assetsDict[request.urlParsed.pathname] !== undefined) {","                response.end(local.assetsDict[request.urlParsed.pathname]);","                return;","            }","            response.statusCode = 404;","            response.end();","        }).listen(process.env.PORT);","        break;","    }","}());",""],"l":{"26":2,"28":2,"33":2,"35":2,"37":2,"38":2,"39":2,"44":1,"51":2,"55":2,"59":2,"61":2,"69":1,"70":2,"76":2,"79":2,"82":2,"83":2,"85":1,"89":2,"92":1,"93":1,"94":1,"96":1,"97":1,"100":1,"101":1,"103":1,"106":1,"108":2,"114":1,"116":1,"118":1,"123":1,"124":2,"125":2,"126":2,"127":2,"128":2,"129":2,"130":1,"133":2,"134":2,"139":2,"143":1,"144":3,"145":1,"149":1,"150":1,"158":1,"160":1,"161":1,"162":1,"164":1,"166":1,"258":1,"259":1,"271":1,"274":6,"275":6,"277":1,"279":2,"281":1,"283":2,"288":1,"289":1,"291":1,"294":1,"302":1,"305":1,"306":1,"309":1,"310":1,"312":1,"313":1,"314":1,"315":1,"316":1,"317":1,"318":1,"320":1,"321":1,"323":1}},"/home/travis/build/npmtest/node-npmtest-cold-brew/node_modules/cold-brew/src/cold-brew-test.js":{"path":"/home/travis/build/npmtest/node-npmtest-cold-brew/node_modules/cold-brew/src/cold-brew-test.js","s":{"1":1,"2":1,"3":1,"4":0,"5":0,"6":0,"7":0,"8":0,"9":1,"10":0,"11":0,"12":0,"13":0,"14":0,"15":0,"16":0,"17":0,"18":0,"19":0,"20":0,"21":0,"22":0,"23":0,"24":0,"25":0,"26":0,"27":0,"28":1,"29":0,"30":0,"31":0,"32":0,"33":0,"34":0,"35":0,"36":0,"37":0,"38":0,"39":0,"40":0,"41":0,"42":0,"43":0,"44":0,"45":0,"46":0,"47":0,"48":0,"49":0,"50":0,"51":0,"52":0,"53":0,"54":0,"55":0,"56":1,"57":0,"58":0,"59":0,"60":0,"61":0,"62":0,"63":0,"64":0,"65":0,"66":0,"67":0,"68":0,"69":0,"70":0,"71":0,"72":0,"73":0,"74":0,"75":0,"76":0,"77":0,"78":0,"79":0,"80":0,"81":0,"82":0,"83":0,"84":1,"85":0,"86":0,"87":0,"88":0,"89":0,"90":0,"91":0,"92":0,"93":0,"94":0,"95":0,"96":0,"97":0,"98":0,"99":0,"100":0,"101":0,"102":0,"103":0,"104":0,"105":0,"106":0,"107":0,"108":0,"109":0,"110":0,"111":0,"112":0,"113":0,"114":0,"115":0,"116":0,"117":0,"118":0,"119":0,"120":0,"121":0,"122":0,"123":0,"124":0,"125":0,"126":0,"127":0,"128":0,"129":0,"130":0,"131":0,"132":0,"133":0,"134":1,"135":0,"136":0,"137":1},"b":{"1":[0,0],"2":[0,0],"3":[0,0],"4":[0,0],"5":[0,0],"6":[0,0],"7":[0,0],"8":[0,0],"9":[0,0],"10":[0,0],"11":[0,0],"12":[0,0],"13":[0,0],"14":[0,0],"15":[0,0],"16":[0,0],"17":[0,0],"18":[0,0],"19":[0,0],"20":[0,0],"21":[0,0],"22":[0,0],"23":[0,0],"24":[0,0],"25":[0,0],"26":[0,0],"27":[0,0],"28":[0,0],"29":[0,0],"30":[0,0],"31":[0,0],"32":[0,0],"33":[0,0]},"f":{"1":0,"2":0,"3":0,"4":0,"5":0,"6":0,"7":0,"8":0,"9":0,"10":0,"11":0,"12":0,"13":0,"14":0,"15":0,"16":0,"17":0,"18":0,"19":0,"20":0,"21":0,"22":0,"23":0,"24":0,"25":0},"fnMap":{"1":{"name":"createClient","line":21,"loc":{"start":{"line":21,"column":0},"end":{"line":21,"column":24}}},"2":{"name":"addColdBrewMethods","line":76,"loc":{"start":{"line":76,"column":0},"end":{"line":76,"column":36}}},"3":{"name":"(anonymous_3)","line":90,"loc":{"start":{"line":90,"column":26},"end":{"line":90,"column":58}}},"4":{"name":"(anonymous_4)","line":109,"loc":{"start":{"line":109,"column":11},"end":{"line":109,"column":23}}},"5":{"name":"(anonymous_5)","line":110,"loc":{"start":{"line":110,"column":34},"end":{"line":110,"column":61}}},"6":{"name":"sameElementsInSameOrder","line":132,"loc":{"start":{"line":132,"column":8},"end":{"line":132,"column":53}}},"7":{"name":"(anonymous_7)","line":158,"loc":{"start":{"line":158,"column":30},"end":{"line":158,"column":66}}},"8":{"name":"(anonymous_8)","line":163,"loc":{"start":{"line":163,"column":30},"end":{"line":163,"column":62}}},"9":{"name":"(anonymous_9)","line":177,"loc":{"start":{"line":177,"column":11},"end":{"line":177,"column":23}}},"10":{"name":"(anonymous_10)","line":178,"loc":{"start":{"line":178,"column":34},"end":{"line":178,"column":61}}},"11":{"name":"sameElementsInSameOrder","line":195,"loc":{"start":{"line":195,"column":8},"end":{"line":195,"column":53}}},"12":{"name":"(anonymous_12)","line":213,"loc":{"start":{"line":213,"column":34},"end":{"line":213,"column":70}}},"13":{"name":"(anonymous_13)","line":218,"loc":{"start":{"line":218,"column":33},"end":{"line":218,"column":65}}},"14":{"name":"(anonymous_14)","line":225,"loc":{"start":{"line":225,"column":11},"end":{"line":225,"column":23}}},"15":{"name":"(anonymous_15)","line":226,"loc":{"start":{"line":226,"column":34},"end":{"line":226,"column":61}}},"16":{"name":"sameElementsInSameOrder","line":240,"loc":{"start":{"line":240,"column":8},"end":{"line":240,"column":53}}},"17":{"name":"(anonymous_17)","line":258,"loc":{"start":{"line":258,"column":37},"end":{"line":258,"column":73}}},"18":{"name":"(anonymous_18)","line":262,"loc":{"start":{"line":262,"column":34},"end":{"line":262,"column":66}}},"19":{"name":"(anonymous_19)","line":269,"loc":{"start":{"line":269,"column":11},"end":{"line":269,"column":23}}},"20":{"name":"(anonymous_20)","line":270,"loc":{"start":{"line":270,"column":34},"end":{"line":270,"column":61}}},"21":{"name":"(anonymous_21)","line":282,"loc":{"start":{"line":282,"column":38},"end":{"line":282,"column":74}}},"22":{"name":"(anonymous_22)","line":300,"loc":{"start":{"line":300,"column":35},"end":{"line":300,"column":67}}},"23":{"name":"(anonymous_23)","line":301,"loc":{"start":{"line":301,"column":36},"end":{"line":301,"column":68}}},"24":{"name":"(anonymous_24)","line":332,"loc":{"start":{"line":332,"column":14},"end":{"line":332,"column":42}}},"25":{"name":"validNavigation","line":362,"loc":{"start":{"line":362,"column":2},"end":{"line":362,"column":44}}}},"statementMap":{"1":{"start":{"line":9,"column":0},"end":{"line":9,"column":47}},"2":{"start":{"line":11,"column":0},"end":{"line":11,"column":24}},"3":{"start":{"line":21,"column":0},"end":{"line":65,"column":1}},"4":{"start":{"line":22,"column":2},"end":{"line":22,"column":13}},"5":{"start":{"line":35,"column":2},"end":{"line":62,"column":3}},"6":{"start":{"line":36,"column":4},"end":{"line":49,"column":17}},"7":{"start":{"line":51,"column":4},"end":{"line":61,"column":13}},"8":{"start":{"line":64,"column":2},"end":{"line":64,"column":36}},"9":{"start":{"line":76,"column":0},"end":{"line":369,"column":1}},"10":{"start":{"line":90,"column":2},"end":{"line":148,"column":4}},"11":{"start":{"line":91,"column":4},"end":{"line":91,"column":39}},"12":{"start":{"line":92,"column":4},"end":{"line":96,"column":5}},"13":{"start":{"line":93,"column":6},"end":{"line":95,"column":8}},"14":{"start":{"line":98,"column":4},"end":{"line":102,"column":5}},"15":{"start":{"line":99,"column":6},"end":{"line":101,"column":8}},"16":{"start":{"line":109,"column":4},"end":{"line":147,"column":6}},"17":{"start":{"line":110,"column":6},"end":{"line":146,"column":26}},"18":{"start":{"line":111,"column":8},"end":{"line":111,"column":43}},"19":{"start":{"line":113,"column":8},"end":{"line":115,"column":9}},"20":{"start":{"line":114,"column":10},"end":{"line":114,"column":23}},"21":{"start":{"line":117,"column":8},"end":{"line":119,"column":40}},"22":{"start":{"line":121,"column":8},"end":{"line":121,"column":65}},"23":{"start":{"line":121,"column":53},"end":{"line":121,"column":63}},"24":{"start":{"line":126,"column":8},"end":{"line":130,"column":9}},"25":{"start":{"line":127,"column":10},"end":{"line":127,"column":81}},"26":{"start":{"line":127,"column":43},"end":{"line":127,"column":79}},"27":{"start":{"line":129,"column":10},"end":{"line":129,"column":67}},"28":{"start":{"line":132,"column":8},"end":{"line":145,"column":9}},"29":{"start":{"line":133,"column":10},"end":{"line":133,"column":35}},"30":{"start":{"line":134,"column":10},"end":{"line":144,"column":19}},"31":{"start":{"line":135,"column":12},"end":{"line":135,"column":37}},"32":{"start":{"line":135,"column":24},"end":{"line":135,"column":37}},"33":{"start":{"line":137,"column":12},"end":{"line":137,"column":57}},"34":{"start":{"line":138,"column":12},"end":{"line":140,"column":13}},"35":{"start":{"line":139,"column":14},"end":{"line":139,"column":27}},"36":{"start":{"line":142,"column":12},"end":{"line":142,"column":55}},"37":{"start":{"line":143,"column":12},"end":{"line":143,"column":24}},"38":{"start":{"line":158,"column":2},"end":{"line":160,"column":4}},"39":{"start":{"line":159,"column":4},"end":{"line":159,"column":72}},"40":{"start":{"line":163,"column":2},"end":{"line":210,"column":4}},"41":{"start":{"line":170,"column":4},"end":{"line":170,"column":32}},"42":{"start":{"line":171,"column":4},"end":{"line":175,"column":5}},"43":{"start":{"line":172,"column":6},"end":{"line":174,"column":8}},"44":{"start":{"line":177,"column":4},"end":{"line":209,"column":6}},"45":{"start":{"line":178,"column":6},"end":{"line":208,"column":26}},"46":{"start":{"line":180,"column":8},"end":{"line":182,"column":9}},"47":{"start":{"line":181,"column":10},"end":{"line":181,"column":23}},"48":{"start":{"line":184,"column":8},"end":{"line":188,"column":9}},"49":{"start":{"line":185,"column":10},"end":{"line":186,"column":38}},"50":{"start":{"line":186,"column":26},"end":{"line":186,"column":36}},"51":{"start":{"line":187,"column":10},"end":{"line":187,"column":85}},"52":{"start":{"line":187,"column":43},"end":{"line":187,"column":83}},"53":{"start":{"line":190,"column":8},"end":{"line":191,"column":36}},"54":{"start":{"line":191,"column":24},"end":{"line":191,"column":34}},"55":{"start":{"line":193,"column":8},"end":{"line":193,"column":61}},"56":{"start":{"line":195,"column":8},"end":{"line":207,"column":9}},"57":{"start":{"line":196,"column":10},"end":{"line":196,"column":35}},"58":{"start":{"line":197,"column":10},"end":{"line":206,"column":19}},"59":{"start":{"line":198,"column":12},"end":{"line":198,"column":37}},"60":{"start":{"line":198,"column":24},"end":{"line":198,"column":37}},"61":{"start":{"line":200,"column":12},"end":{"line":200,"column":57}},"62":{"start":{"line":201,"column":12},"end":{"line":203,"column":13}},"63":{"start":{"line":202,"column":14},"end":{"line":202,"column":27}},"64":{"start":{"line":204,"column":12},"end":{"line":204,"column":55}},"65":{"start":{"line":205,"column":12},"end":{"line":205,"column":24}},"66":{"start":{"line":213,"column":2},"end":{"line":215,"column":4}},"67":{"start":{"line":214,"column":4},"end":{"line":214,"column":76}},"68":{"start":{"line":218,"column":2},"end":{"line":255,"column":4}},"69":{"start":{"line":219,"column":4},"end":{"line":219,"column":32}},"70":{"start":{"line":220,"column":4},"end":{"line":224,"column":5}},"71":{"start":{"line":221,"column":6},"end":{"line":223,"column":8}},"72":{"start":{"line":225,"column":4},"end":{"line":254,"column":6}},"73":{"start":{"line":226,"column":6},"end":{"line":253,"column":26}},"74":{"start":{"line":227,"column":8},"end":{"line":229,"column":9}},"75":{"start":{"line":228,"column":10},"end":{"line":228,"column":23}},"76":{"start":{"line":230,"column":8},"end":{"line":234,"column":9}},"77":{"start":{"line":231,"column":10},"end":{"line":232,"column":38}},"78":{"start":{"line":232,"column":26},"end":{"line":232,"column":36}},"79":{"start":{"line":233,"column":10},"end":{"line":233,"column":85}},"80":{"start":{"line":233,"column":43},"end":{"line":233,"column":83}},"81":{"start":{"line":235,"column":8},"end":{"line":236,"column":36}},"82":{"start":{"line":236,"column":24},"end":{"line":236,"column":34}},"83":{"start":{"line":238,"column":8},"end":{"line":238,"column":61}},"84":{"start":{"line":240,"column":8},"end":{"line":252,"column":9}},"85":{"start":{"line":241,"column":10},"end":{"line":241,"column":35}},"86":{"start":{"line":242,"column":10},"end":{"line":251,"column":19}},"87":{"start":{"line":243,"column":12},"end":{"line":243,"column":37}},"88":{"start":{"line":243,"column":24},"end":{"line":243,"column":37}},"89":{"start":{"line":245,"column":12},"end":{"line":245,"column":57}},"90":{"start":{"line":246,"column":12},"end":{"line":248,"column":13}},"91":{"start":{"line":247,"column":14},"end":{"line":247,"column":27}},"92":{"start":{"line":249,"column":12},"end":{"line":249,"column":55}},"93":{"start":{"line":250,"column":12},"end":{"line":250,"column":24}},"94":{"start":{"line":258,"column":2},"end":{"line":260,"column":4}},"95":{"start":{"line":259,"column":4},"end":{"line":259,"column":79}},"96":{"start":{"line":262,"column":2},"end":{"line":280,"column":3}},"97":{"start":{"line":263,"column":4},"end":{"line":263,"column":32}},"98":{"start":{"line":264,"column":4},"end":{"line":268,"column":5}},"99":{"start":{"line":265,"column":6},"end":{"line":267,"column":8}},"100":{"start":{"line":269,"column":4},"end":{"line":279,"column":5}},"101":{"start":{"line":270,"column":6},"end":{"line":278,"column":26}},"102":{"start":{"line":271,"column":8},"end":{"line":273,"column":9}},"103":{"start":{"line":272,"column":10},"end":{"line":272,"column":23}},"104":{"start":{"line":274,"column":8},"end":{"line":277,"column":9}},"105":{"start":{"line":275,"column":10},"end":{"line":275,"column":105}},"106":{"start":{"line":275,"column":93},"end":{"line":275,"column":103}},"107":{"start":{"line":276,"column":10},"end":{"line":276,"column":85}},"108":{"start":{"line":276,"column":43},"end":{"line":276,"column":83}},"109":{"start":{"line":282,"column":2},"end":{"line":284,"column":4}},"110":{"start":{"line":283,"column":4},"end":{"line":283,"column":80}},"111":{"start":{"line":300,"column":2},"end":{"line":311,"column":4}},"112":{"start":{"line":301,"column":4},"end":{"line":310,"column":36}},"113":{"start":{"line":302,"column":6},"end":{"line":302,"column":69}},"114":{"start":{"line":304,"column":6},"end":{"line":307,"column":9}},"115":{"start":{"line":305,"column":8},"end":{"line":306,"column":56}},"116":{"start":{"line":306,"column":10},"end":{"line":306,"column":54}},"117":{"start":{"line":309,"column":6},"end":{"line":309,"column":25}},"118":{"start":{"line":332,"column":2},"end":{"line":359,"column":4}},"119":{"start":{"line":333,"column":4},"end":{"line":334,"column":30}},"120":{"start":{"line":334,"column":6},"end":{"line":334,"column":28}},"121":{"start":{"line":336,"column":4},"end":{"line":336,"column":62}},"122":{"start":{"line":336,"column":21},"end":{"line":336,"column":62}},"123":{"start":{"line":338,"column":4},"end":{"line":356,"column":11}},"124":{"start":{"line":339,"column":6},"end":{"line":339,"column":30}},"125":{"start":{"line":340,"column":6},"end":{"line":340,"column":32}},"126":{"start":{"line":341,"column":6},"end":{"line":341,"column":34}},"127":{"start":{"line":342,"column":6},"end":{"line":342,"column":28}},"128":{"start":{"line":344,"column":6},"end":{"line":351,"column":11}},"129":{"start":{"line":345,"column":27},"end":{"line":345,"column":48}},"130":{"start":{"line":347,"column":10},"end":{"line":350,"column":12}},"131":{"start":{"line":353,"column":6},"end":{"line":353,"column":34}},"132":{"start":{"line":355,"column":6},"end":{"line":355,"column":17}},"133":{"start":{"line":358,"column":4},"end":{"line":358,"column":52}},"134":{"start":{"line":362,"column":2},"end":{"line":365,"column":3}},"135":{"start":{"line":363,"column":4},"end":{"line":364,"column":57}},"136":{"start":{"line":368,"column":2},"end":{"line":368,"column":16}},"137":{"start":{"line":374,"column":0},"end":{"line":374,"column":54}}},"branchMap":{"1":{"line":35,"type":"if","locations":[{"start":{"line":35,"column":2},"end":{"line":35,"column":2}},{"start":{"line":35,"column":2},"end":{"line":35,"column":2}}]},"2":{"line":92,"type":"if","locations":[{"start":{"line":92,"column":4},"end":{"line":92,"column":4}},{"start":{"line":92,"column":4},"end":{"line":92,"column":4}}]},"3":{"line":92,"type":"binary-expr","locations":[{"start":{"line":92,"column":8},"end":{"line":92,"column":15}},{"start":{"line":92,"column":19},"end":{"line":92,"column":47}}]},"4":{"line":98,"type":"if","locations":[{"start":{"line":98,"column":4},"end":{"line":98,"column":4}},{"start":{"line":98,"column":4},"end":{"line":98,"column":4}}]},"5":{"line":98,"type":"binary-expr","locations":[{"start":{"line":98,"column":8},"end":{"line":98,"column":13}},{"start":{"line":98,"column":17},"end":{"line":98,"column":42}}]},"6":{"line":113,"type":"if","locations":[{"start":{"line":113,"column":8},"end":{"line":113,"column":8}},{"start":{"line":113,"column":8},"end":{"line":113,"column":8}}]},"7":{"line":113,"type":"binary-expr","locations":[{"start":{"line":113,"column":14},"end":{"line":113,"column":33}},{"start":{"line":113,"column":37},"end":{"line":113,"column":66}}]},"8":{"line":117,"type":"cond-expr","locations":[{"start":{"line":118,"column":10},"end":{"line":118,"column":52}},{"start":{"line":119,"column":10},"end":{"line":119,"column":39}}]},"9":{"line":126,"type":"if","locations":[{"start":{"line":126,"column":8},"end":{"line":126,"column":8}},{"start":{"line":126,"column":8},"end":{"line":126,"column":8}}]},"10":{"line":135,"type":"if","locations":[{"start":{"line":135,"column":12},"end":{"line":135,"column":12}},{"start":{"line":135,"column":12},"end":{"line":135,"column":12}}]},"11":{"line":138,"type":"if","locations":[{"start":{"line":138,"column":12},"end":{"line":138,"column":12}},{"start":{"line":138,"column":12},"end":{"line":138,"column":12}}]},"12":{"line":171,"type":"if","locations":[{"start":{"line":171,"column":4},"end":{"line":171,"column":4}},{"start":{"line":171,"column":4},"end":{"line":171,"column":4}}]},"13":{"line":171,"type":"binary-expr","locations":[{"start":{"line":171,"column":8},"end":{"line":171,"column":15}},{"start":{"line":171,"column":19},"end":{"line":171,"column":47}}]},"14":{"line":180,"type":"if","locations":[{"start":{"line":180,"column":8},"end":{"line":180,"column":8}},{"start":{"line":180,"column":8},"end":{"line":180,"column":8}}]},"15":{"line":180,"type":"binary-expr","locations":[{"start":{"line":180,"column":14},"end":{"line":180,"column":33}},{"start":{"line":180,"column":37},"end":{"line":180,"column":69}}]},"16":{"line":184,"type":"if","locations":[{"start":{"line":184,"column":8},"end":{"line":184,"column":8}},{"start":{"line":184,"column":8},"end":{"line":184,"column":8}}]},"17":{"line":198,"type":"if","locations":[{"start":{"line":198,"column":12},"end":{"line":198,"column":12}},{"start":{"line":198,"column":12},"end":{"line":198,"column":12}}]},"18":{"line":201,"type":"if","locations":[{"start":{"line":201,"column":12},"end":{"line":201,"column":12}},{"start":{"line":201,"column":12},"end":{"line":201,"column":12}}]},"19":{"line":220,"type":"if","locations":[{"start":{"line":220,"column":4},"end":{"line":220,"column":4}},{"start":{"line":220,"column":4},"end":{"line":220,"column":4}}]},"20":{"line":220,"type":"binary-expr","locations":[{"start":{"line":220,"column":8},"end":{"line":220,"column":15}},{"start":{"line":220,"column":19},"end":{"line":220,"column":47}}]},"21":{"line":227,"type":"if","locations":[{"start":{"line":227,"column":8},"end":{"line":227,"column":8}},{"start":{"line":227,"column":8},"end":{"line":227,"column":8}}]},"22":{"line":227,"type":"binary-expr","locations":[{"start":{"line":227,"column":14},"end":{"line":227,"column":33}},{"start":{"line":227,"column":37},"end":{"line":227,"column":69}}]},"23":{"line":230,"type":"if","locations":[{"start":{"line":230,"column":8},"end":{"line":230,"column":8}},{"start":{"line":230,"column":8},"end":{"line":230,"column":8}}]},"24":{"line":243,"type":"if","locations":[{"start":{"line":243,"column":12},"end":{"line":243,"column":12}},{"start":{"line":243,"column":12},"end":{"line":243,"column":12}}]},"25":{"line":246,"type":"if","locations":[{"start":{"line":246,"column":12},"end":{"line":246,"column":12}},{"start":{"line":246,"column":12},"end":{"line":246,"column":12}}]},"26":{"line":264,"type":"if","locations":[{"start":{"line":264,"column":4},"end":{"line":264,"column":4}},{"start":{"line":264,"column":4},"end":{"line":264,"column":4}}]},"27":{"line":264,"type":"binary-expr","locations":[{"start":{"line":264,"column":8},"end":{"line":264,"column":15}},{"start":{"line":264,"column":19},"end":{"line":264,"column":47}}]},"28":{"line":271,"type":"if","locations":[{"start":{"line":271,"column":8},"end":{"line":271,"column":8}},{"start":{"line":271,"column":8},"end":{"line":271,"column":8}}]},"29":{"line":271,"type":"binary-expr","locations":[{"start":{"line":271,"column":14},"end":{"line":271,"column":33}},{"start":{"line":271,"column":37},"end":{"line":271,"column":77}}]},"30":{"line":274,"type":"if","locations":[{"start":{"line":274,"column":8},"end":{"line":274,"column":8}},{"start":{"line":274,"column":8},"end":{"line":274,"column":8}}]},"31":{"line":310,"type":"binary-expr","locations":[{"start":{"line":310,"column":17},"end":{"line":310,"column":27}},{"start":{"line":310,"column":31},"end":{"line":310,"column":33}}]},"32":{"line":336,"type":"if","locations":[{"start":{"line":336,"column":4},"end":{"line":336,"column":4}},{"start":{"line":336,"column":4},"end":{"line":336,"column":4}}]},"33":{"line":363,"type":"binary-expr","locations":[{"start":{"line":363,"column":11},"end":{"line":363,"column":41}},{"start":{"line":364,"column":6},"end":{"line":364,"column":56}}]}},"code":["/* eslint no-use-before-define: 0 */","/* eslint no-param-reassign: 0 */","/* eslint no-undef: 0 */","/* eslint no-unused-vars: 0 */","/* eslint prefer-arrow-callback: 0 */","/* eslint func-names: 0 */","/* eslint no-shadow: 0 */","'use strict';","const selenium = require('selenium-webdriver');","","const { By } = selenium;","","/**"," * createClient - Creates and returns a webdriver object with the coldBrew"," * methods attached, allowing it to listen for RTCPeerConnection events"," * that occur in the browser."," *"," * @return webdriver  A selenium webdriver object with the coldBrew"," * methods attached"," */","function createClient() {","  let client;","  // const client = new selenium.Builder()","  //   .usingServer()","  //   .withCapabilities({","  //     browserName: 'chrome',","  //     chromeOptions: {","  //       args: [","  //         '--use-fake-ui-for-media-stream',","  //       ],","  //     },","  //   })","  //   .build();","","  if (process.env.SAUCE_USERNAME !== undefined) {","    client = new selenium.Builder()","      .usingServer('http://' + process.env.SAUCE_USERNAME + ':' + process.env.SAUCE_ACCESS_KEY + '@ondemand.saucelabs.com:80/wd/hub')","      .withCapabilities({","        'tunnel-identifier': process.env.TRAVIS_JOB_NUMBER,","        build: process.env.TRAVIS_BUILD_NUMBER,","        username: process.env.SAUCE_USERNAME,","        accessKey: process.env.SAUCE_ACCESS_KEY,","        browserName: 'chrome',","        chromeOptions: {","          args: [","            '--use-fake-ui-for-media-stream',","          ],","        },","      }).build();","  } else {","    client = new selenium.Builder()","    .usingServer()","    .withCapabilities({","      browserName: 'chrome',","      chromeOptions: {","        args: [","          '--use-fake-ui-for-media-stream',","        ],","      },","    })","    .build();","  }","","  return addColdBrewMethods(client);","}","","","/**"," * addColdBrewMethods - Attaches the coldBrew methods to a webdriver instance,"," * which will allow it to listen for RTCPeerCOnnection events to occur in the"," * browser."," *"," * @param  {type} client description"," * @return {type}        description"," */","function addColdBrewMethods(client) {","  /**","   * untilRTCEvents - allows the webdriver to wait until certain","   * RTCPeerCOnnection events to occur before proceeding","   *","   * @param  ...Strings events A list of the names of the events that","   * the client should wait for before proceeding","   *","   * @return function        A function that returns a promise to execute a","   * script in the browser that checks whether or not the provided RTC events","   * exist in the window.RTCEvents object. This function will be executed","   * repeatedly if it is used within a webdriver.wait() call,","   * e.g. client.wait(client.untilRTCEvents('signalingstatechange', 'iceconnectionstatechange'))","   */","  client.untilRTCEvents = function (events, options = {}) {","    const { inOrder, label } = options;","    if (inOrder && typeof inOrder !== 'boolean') {","      throw new TypeError(","        `Invalid option passed into untilRTCEvents: inOrder: ${inOrder}`","      );","    }","","    if (label && typeof label !== 'string') {","      throw new TypeError(","        `Invalid option passed into untilRTCEvents: label: ${label}`","      );","    }","","    // Needs to return a plain function instead of a promise so that","    // it will be executed repeatedly within the client.wait() function","    //","    // The plain function should return true if the events we are waiting","    // for exist on the window object, false otherwise.","    return function () {","      return client.executeScript(function (events, options) {","        const { inOrder, label } = options;","        // Check to make sure coldBrewData has been initialized","        if (!(window.coldBrewData && window.coldBrewData.RTCEvents)) {","          return false;","        }","","        const loggedEvents = label ?","          window.coldBrewData.peerConnections[label] :","          window.coldBrewData.RTCEvents;","","        loggedEventNames = loggedEvents.map(event => event.type);","        // Handle the case where the user doesn't care if the events","        // happened in a certain order","","","        if (!inOrder) {","          return events.every(eventName => loggedEventNames.includes(eventName));","        } else {","          return sameElementsInSameOrder(events, loggedEventNames);","        }","","        function sameElementsInSameOrder(arr1, arr2) {","          let remainingArr2 = arr2;","          return arr1.reduce((truth, element) => {","            if (!truth) return false;","","            const index = remainingArr2.indexOf(element);","            if (index === -1) {","              return false;","            }","","            remainingArr2 = remainingArr2.slice(index);","            return true;","          }, true);","        }","      }, events, options);","    };","  };","","","  /**","   * waitUntilRTCEvents - convenience function to simplify the usage","   * of client.untilRTCEvents","   *","   * @param   events description","   * @return {type}           description","   */","  client.waitUntilRTCEvents = function (events, options, timeout) {","    return client.wait(client.untilRTCEvents(events, options), timeout);","  };","","","  client.untilSendSignaling = function (events, options = {}) {","    // Needs to return a plain function instead of a promise so that","    // it will be executed repeatedly within the client.wait() function","    //","    // The plain function should return true if the events we are waiting","    // for exist on the window object, false otherwise.","","    const { inOrder } = options;","    if (inOrder && typeof inOrder !== 'boolean') {","      throw new TypeError(","        `Invalid option passed into untilSendSignaling: inOrder: ${inOrder}`","      );","    }","","    return function () {","      return client.executeScript(function (events, inOrder) {","        // Check to make sure coldBrewData has been initialized","        if (!(window.coldBrewData && window.coldBrewData.socketEvents)) {","          return false;","        }","","        if (!inOrder) {","          const outgoingSocketEvents = window.coldBrewData.socketEvents.outgoing","            .map(event => event.type);","          return events.every(eventName => outgoingSocketEvents.includes(eventName));","        }","","        const socketEvents = window.coldBrewData.socketEvents.outgoing","          .map(event => event.type);","","        return sameElementsInSameOrder(events, socketEvents);","","        function sameElementsInSameOrder(arr1, arr2) {","          let remainingArr2 = arr2;","          return arr1.reduce((truth, element) => {","            if (!truth) return false;","","            const index = remainingArr2.indexOf(element);","            if (index === -1) {","              return false;","            }","            remainingArr2 = remainingArr2.slice(index);","            return true;","          }, true);","        }","      }, events, inOrder);","    };","  };","","","  client.waitUntilSendSignaling = function (events, options, timeout) {","    return client.wait(client.untilSendSignaling(events, options), timeout);","  };","","","  client.untilRecieveSignaling = function (events, options = {}) {","    const { inOrder } = options;","    if (inOrder && typeof inOrder !== 'boolean') {","      throw new TypeError(","        `Invalid option passed into untilRecieveSignaling: inOrder: ${inOrder}`","      );","    }","    return function () {","      return client.executeScript(function (events, inOrder) {","        if (!(window.coldBrewData && window.coldBrewData.socketEvents)) {","          return false;","        }","        if (!inOrder) {","          const incomingSocketEvents = window.coldBrewData.socketEvents.incoming","            .map(event => event.type);","          return events.every(eventName => incomingSocketEvents.includes(eventName));","        }","        const socketEvents = window.coldBrewData.socketEvents.incoming","          .map(event => event.type);","","        return sameElementsInSameOrder(events, socketEvents);","","        function sameElementsInSameOrder(arr1, arr2) {","          let remainingArr2 = arr2;","          return arr1.reduce((truth, element) => {","            if (!truth) return false;","","            const index = remainingArr2.indexOf(element);","            if (index === -1) {","              return false;","            }","            remainingArr2 = remainingArr2.slice(index);","            return true;","          }, true);","        }","      }, events, inOrder);","    };","  };","","","  client.waitUntilReceiveSignaling = function (events, options, timeout) {","    return client.wait(client.untilRecieveSignaling(events, options), timeout);","  };","","  client.untilDataChannelEvents = function (events, options = {}) {","    const { inOrder } = options;","    if (inOrder && typeof inOrder !== 'boolean') {","      throw new TypeError(","        `Invalid option passed into untilDataChannelEvents: inOrder: ${inOrder}`","      );","    }","    return function () {","      return client.executeScript(function (events, inOrder) {","        if (!(window.coldBrewData && window.coldBrewData.RTCDataChannelEvents)) {","          return false;","        }","        if (!inOrder) {","          const RTCDataChannelEvents = window.coldBrewData.RTCDataChannelEvents.map(event => event.type);","          return events.every(eventName => RTCDataChannelEvents.includes(eventName));","        }","      }, events, inOrder);","    }","  }","","  client.waitUntilDataChannelEvents = function (events, options, timeout) {","    return client.wait(client.untilDataChannelEvents(events, options), timeout);","  };","","  /**","   * findElementByAttributes - allows the webdriver to locate elements","   * by a css selector and then filter those elements by other attributes","   * that they possess.","   *","   * @param  String selector   A css selector for the element to find","   *","   * @param  Object attributes An object whose keys are DOM node attribute","   * names and values are the corresponding values of the desired element","   *","   * @return Promise           A promise that resolves with the first element","   * that is located by the given css selector AND possesses the given","   * attributes","   */","  client.findElementByAttributes = function (selector, attributes) {","    return client.findElement(By.js(function (selector, attributes) {","      let elements = Array.from(document.querySelectorAll(selector));","","      Object.keys(attributes).forEach(attribute => {","        eleme
[...]
aling: observeSignaling,","    RTC_PEER_CONNECTION_EVENTS: RTC_PEER_CONNECTION_EVENTS,","    RTC_DATA_CHANNEL_EVENTS: RTC_DATA_CHANNEL_EVENTS","  };","}"],"l":{"3":1,"5":1,"7":1,"17":2,"18":0,"23":0,"35":0,"37":0,"50":1,"51":0,"52":0,"56":0,"58":0,"59":0,"60":0,"63":0,"65":0,"66":0,"69":0,"70":0,"71":0,"72":0,"74":0,"76":1,"77":0,"78":0,"81":0,"82":0,"86":1,"87":0,"88":0,"91":0,"92":0,"96":1,"97":0,"99":0,"100":0,"103":0,"104":0,"105":0,"106":0,"107":0,"113":1,"114":0,"116":0,"117":0,"118":0,"119":0,"120":0,"124":0,"128":1,"129":0,"131":0,"132":0,"133":0,"134":0,"135":0,"139":0,"146":1,"147":0,"149":0,"151":0,"153":0,"155":0,"158":0,"161":0,"166":1,"167":0,"174":0,"176":0,"177":0,"179":0,"180":0,"183":0,"184":0,"187":0,"193":0,"197":1,"198":0,"199":0,"200":0,"201":0,"204":0,"210":0,"216":0,"217":0,"219":1,"220":0,"222":0,"225":0,"228":0,"229":0}},"/home/travis/build/npmtest/node-npmtest-cold-brew/node_modules/cold-brew/src/rtc.js":{"path":"/home/travis/build/npmtest/node-npmtest-cold-brew/node_modules/cold-brew/src/rtc.js","s":{"1":2,"2":0,"3":0,"4":0,"5":0,"6":1,"7":0,"8":0,"9":0,"10":0,"11":0,"12":0,"13":0,"14":0,"15":0,"16":0,"17":0,"18":0,"19":0,"20":0,"21":1,"22":0,"23":0,"24":0,"25":0,"26":1,"27":0,"28":0,"29":0,"30":0,"31":1,"32":0,"33":0,"34":0,"35":0,"36":0,"37":0,"38":0,"39":1,"40":0,"41":0,"42":0,"43":0,"44":0,"45":0,"46":0,"47":1,"48":0,"49":0,"50":0,"51":0,"52":0,"53":0,"54":0,"55":1,"56":0,"57":0,"58":0,"59":0,"60":0,"61":0,"62":0,"63":1,"64":0,"65":0,"66":0,"67":0,"68":0,"69":0,"70":0,"71":0,"72":0,"73":0,"74":0,"75":0,"76":0,"77":1,"78":0,"79":0,"80":0,"81":0,"82":0,"83":0},"b":{"1":[0,0],"2":[0,0],"3":[0,0],"4":[0,0],"5":[0,0],"6":[0,0],"7":[0,0],"8":[0,0],"9":[0,0],"10":[0,0],"11":[0,0],"12":[0,0],"13":[0,0],"14":[0,0,0],"15":[0,0],"16":[0,0],"17":[0,0],"18":[0,0],"19":[0,0]},"f":{"1":0,"2":0,"3":0,"4":0,"5":0,"6":0,"7":0,"8":0,"9":0,"10":0,"11":0,"12":0,"13":0,"14":0,"15":0},"fnMap":{"1":{"name":"coldBrewRTC","line":64,"loc":{"start":{"line":64,"column":0},"end":{"line":64,"column":74}}},"2":{"name":"validateListeners","line":91,"loc":{"start":{"line":91,"column":2},"end":{"line":91,"column":40}}},"3":{"name":"validateDataListeners","line":101,"loc":{"start":{"line":101,"column":2},"end":{"line":101,"column":48}}},"4":{"name":"addEventLogListeners","line":111,"loc":{"start":{"line":111,"column":2},"end":{"line":111,"column":73}}},"5":{"name":"addDataListenersOnChannelCreation","line":126,"loc":{"start":{"line":126,"column":2},"end":{"line":126,"column":76}}},"6":{"name":"(anonymous_6)","line":129,"loc":{"start":{"line":129,"column":39},"end":{"line":129,"column":58}}},"7":{"name":"addDataListenersOnDataChannelEvent","line":141,"loc":{"start":{"line":141,"column":2},"end":{"line":141,"column":77}}},"8":{"name":"(anonymous_8)","line":143,"loc":{"start":{"line":143,"column":9},"end":{"line":143,"column":16}}},"9":{"name":"(anonymous_9)","line":144,"loc":{"start":{"line":144,"column":55},"end":{"line":144,"column":68}}},"10":{"name":"observeSignaling","line":160,"loc":{"start":{"line":160,"column":0},"end":{"line":160,"column":48}}},"11":{"name":"(anonymous_11)","line":164,"loc":{"start":{"line":164,"column":7},"end":{"line":164,"column":31}}},"12":{"name":"emitAndLog","line":178,"loc":{"start":{"line":178,"column":2},"end":{"line":178,"column":30}}},"13":{"name":"(anonymous_13)","line":179,"loc":{"start":{"line":179,"column":11},"end":{"line":179,"column":30}}},"14":{"name":"logOnReceipt","line":210,"loc":{"start":{"line":210,"column":2},"end":{"line":210,"column":32}}},"15":{"name":"(anonymous_15)","line":211,"loc":{"start":{"line":211,"column":11},"end":{"line":211,"column":37}}}},"statementMap":{"1":{"start":{"line":9,"column":0},"end":{"line":12,"column":1}},"2":{"start":{"line":10,"column":2},"end":{"line":11,"column":78}},"3":{"start":{"line":16,"column":0},"end":{"line":25,"column":2}},"4":{"start":{"line":28,"column":0},"end":{"line":43,"column":2}},"5":{"start":{"line":45,"column":0},"end":{"line":51,"column":2}},"6":{"start":{"line":64,"column":0},"end":{"line":157,"column":1}},"7":{"start":{"line":65,"column":2},"end":{"line":67,"column":3}},"8":{"start":{"line":66,"column":4},"end":{"line":66,"column":51}},"9":{"start":{"line":70,"column":2},"end":{"line":70,"column":40}},"10":{"start":{"line":72,"column":2},"end":{"line":72,"column":75}},"11":{"start":{"line":73,"column":2},"end":{"line":73,"column":45}},"12":{"start":{"line":74,"column":2},"end":{"line":74,"column":31}},"13":{"start":{"line":77,"column":2},"end":{"line":77,"column":46}},"14":{"start":{"line":79,"column":2},"end":{"line":79,"column":79}},"15":{"start":{"line":80,"column":2},"end":{"line":80,"column":39}},"16":{"start":{"line":83,"column":2},"end":{"line":83,"column":65}},"17":{"start":{"line":84,"column":2},"end":{"line":84,"column":57}},"18":{"start":{"line":85,"column":2},"end":{"line":85,"column":67}},"19":{"start":{"line":86,"column":2},"end":{"line":86,"column":68}},"20":{"start":{"line":88,"column":2},"end":{"line":88,"column":24}},"21":{"start":{"line":91,"column":2},"end":{"line":99,"column":3}},"22":{"start":{"line":92,"column":4},"end":{"line":93,"column":53}},"23":{"start":{"line":93,"column":6},"end":{"line":93,"column":51}},"24":{"start":{"line":95,"column":4},"end":{"line":98,"column":5}},"25":{"start":{"line":96,"column":6},"end":{"line":97,"column":56}},"26":{"start":{"line":101,"column":2},"end":{"line":109,"column":3}},"27":{"start":{"line":102,"column":4},"end":{"line":103,"column":50}},"28":{"start":{"line":103,"column":6},"end":{"line":103,"column":48}},"29":{"start":{"line":105,"column":4},"end":{"line":108,"column":5}},"30":{"start":{"line":106,"column":6},"end":{"line":107,"column":69}},"31":{"start":{"line":111,"column":2},"end":{"line":124,"column":3}},"32":{"start":{"line":112,"column":4},"end":{"line":114,"column":5}},"33":{"start":{"line":113,"column":6},"end":{"line":113,"column":54}},"34":{"start":{"line":116,"column":4},"end":{"line":123,"column":7}},"35":{"start":{"line":117,"column":6},"end":{"line":122,"column":9}},"36":{"start":{"line":118,"column":8},"end":{"line":118,"column":50}},"37":{"start":{"line":119,"column":8},"end":{"line":121,"column":9}},"38":{"start":{"line":120,"column":10},"end":{"line":120,"column":65}},"39":{"start":{"line":126,"column":2},"end":{"line":139,"column":3}},"40":{"start":{"line":127,"column":4},"end":{"line":127,"column":84}},"41":{"start":{"line":129,"column":4},"end":{"line":138,"column":5}},"42":{"start":{"line":130,"column":6},"end":{"line":130,"column":56}},"43":{"start":{"line":131,"column":6},"end":{"line":135,"column":9}},"44":{"start":{"line":132,"column":8},"end":{"line":134,"column":11}},"45":{"start":{"line":133,"column":10},"end":{"line":133,"column":62}},"46":{"start":{"line":137,"column":6},"end":{"line":137,"column":28}},"47":{"start":{"line":141,"column":2},"end":{"line":156,"column":3}},"48":{"start":{"line":142,"column":4},"end":{"line":155,"column":7}},"49":{"start":{"line":144,"column":8},"end":{"line":153,"column":11}},"50":{"start":{"line":145,"column":10},"end":{"line":145,"column":40}},"51":{"start":{"line":146,"column":10},"end":{"line":150,"column":13}},"52":{"start":{"line":147,"column":12},"end":{"line":149,"column":15}},"53":{"start":{"line":148,"column":14},"end":{"line":148,"column":67}},"54":{"start":{"line":152,"column":10},"end":{"line":152,"column":18}},"55":{"start":{"line":160,"column":0},"end":{"line":223,"column":1}},"56":{"start":{"line":161,"column":2},"end":{"line":161,"column":49}},"57":{"start":{"line":161,"column":35},"end":{"line":161,"column":49}},"58":{"start":{"line":163,"column":2},"end":{"line":176,"column":5}},"59":{"start":{"line":165,"column":6},"end":{"line":174,"column":7}},"60":{"start":{"line":167,"column":8},"end":{"line":167,"column":34}},"61":{"start":{"line":170,"column":8},"end":{"line":170,"column":36}},"62":{"start":{"line":173,"column":8},"end":{"line":173,"column":27}},"63":{"start":{"line":178,"column":2},"end":{"line":208,"column":3}},"64":{"start":{"line":179,"column":4},"end":{"line":207,"column":5}},"65":{"start":{"line":186,"column":6},"end":{"line":186,"column":27}},"66":{"start":{"line":188,"column":6},"end":{"line":188,"column":15}},"67":{"start":{"line":189,"column":6},"end":{"line":189,"column":19}},"68":{"start":{"line":191,"column":6},"end":{"line":194,"column":7}},"69":{"start":{"line":192,"column":8},"end":{"line":193,"column":28}},"70":{"start":{"line":192,"column":43},"end":{"line":192,"column":62}},"71":{"start":{"line":193,"column":13},"end":{"line":193,"column":28}},"72":{"start":{"line":196,"column":6},"end":{"line":198,"column":7}},"73":{"start":{"line":197,"column":8},"end":{"line":197,"column":62}},"74":{"start":{"line":197,"column":43},"end":{"line":197,"column":62}},"75":{"start":{"line":200,"column":6},"end":{"line":204,"column":9}},"76":{"start":{"line":206,"column":6},"end":{"line":206,"column":34}},"77":{"start":{"line":210,"column":2},"end":{"line":222,"column":3}},"78":{"start":{"line":211,"column":4},"end":{"line":221,"column":5}},"79":{"start":{"line":212,"column":6},"end":{"line":220,"column":9}},"80":{"start":{"line":213,"column":8},"end":{"line":217,"column":11}},"81":{"start":{"line":219,"column":8},"end":{"line":219,"column":26}},"82":{"start":{"line":228,"column":0},"end":{"line":235,"column":1}},"83":{"start":{"line":229,"column":2},"end":{"line":234,"column":4}}},"branchMap":{"1":{"line":9,"type":"if","locations":[{"start":{"line":9,"column":0},"end":{"line":9,"column":0}},{"start":{"line":9,"column":0},"end":{"line":9,"column":0}}]},"2":{"line":65,"type":"if","locations":[{"start":{"line":65,"column":2},"end":{"line":65,"column":2}},{"start":{"line":65,"column":2},"end":{"line":65,"column":2}}]},"3":{"line":65,"type":"binary-expr","locations":[{"start":{"line":65,"column":6},"end":{"line":65,"column":20}},{"start":{"line":65,"column":24},"end":{"line":65,"column":49}}]},"4":{"line":70,"type":"binary-expr","locations":[{"start":{"line":70,"column":19},"end":{"line":70,"column":33}},{"start":{"line":70,"column":37},"end":{"line":70,"column":39}}]},"5":{"line":72,"type":"binary-expr","locations":[{"start":{"line":72,"column":20},"end":{"line":72,"column":44}},{"start":{"line":72,"column":48},"end":{"line":72,"column":74}}]},"6":{"line":73,"type":"binary-expr","locations":[{"start":{"line":73,"column":16},"end":{"line":73,"column":36}},{"start":{"line":73,"column":40},"end":{"line":73,"column":44}}]},"7":{"line":77,"type":"binary-expr","locations":[{"start":{"line":77,"column":22},"end":{"line":77,"column":39}},{"start":{"line":77,"column":43},"end":{"line":77,"column":45}}]},"8":{"line":79,"type":"binary-expr","locations":[{"start":{"line":79,"column":24},"end":{"line":79,"column":51}},{"start":{"line":79,"column":55},"end":{"line":79,"column":78}}]},"9":{"line":95,"type":"if","locations":[{"start":{"line":95,"column":4},"end":{"line":95,"column":4}},{"start":{"line":95,"column":4},"end":{"line":95,"column":4}}]},"10":{"line":105,"type":"if","locations":[{"start":{"line":105,"column":4},"end":{"line":105,"column":4}},{"start":{"line":105,"column":4},"end":{"line":105,"column":4}}]},"11":{"line":112,"type":"if","locations":[{"start":{"line":112,"column":4},"end":{"line":112,"column":4}},{"start":{"line":112,"column":4},"end":{"line":112,"column":4}}]},"12":{"line":119,"type":"if","locations":[{"start":{"line":119,"column":8},"end":{"line":119,"column":8}},{"start":{"line":119,"column":8},"end":{"line":119,"column":8}}]},"13":{"line":161,"type":"if","locations":[{"start":{"line":161,"column":2},"end":{"line":161,"column":2}},{"start":{"line":161,"column":2},"end":{"line":161,"column":2}}]},"14":{"line":165,"type":"switch","locations":[{"start":{"line":166,"column":6},"end":{"line":167,"column":34}},{"start":{"line":169,"column":6},"end":{"line":170,"column":36}},{"start":{"line":172,"column":6},"end":{"line":173,"column":27}}]},"15":{"line":191,"type":"if","locations":[{"start":{"line":191,"column":6},"end":{"line":191,"column":6}},{"start":{"line":191,"column":6},"end":{"line":191,"column":6}}]},"16":{"line":192,"type":"if","locations":[{"start":{"line":192,"column":8},"end":{"line":192,"column":8}},{"start":{"line":192,"column":8},"end":{"line":192,"column":8}}]},"17":{"line":196,"type":"if","locations":[{"start":{"line":196,"column":6},"end":{"line":196,"column":6}},{"start":{"line":196,"column":6},"end":{"line":196,"column":6}}]},"18":{"line":197,"type":"if","locations":[{"start":{"line":197,"column":8},"end":{"line":197,"column":8}},{"start":{"line":197,"column":8},"end":{"line":197,"column":8}}]},"19":{"line":228,"type":"if","locations":[{"start":{"line":228,"column":0},"end":{"line":228,"column":0}},{"start":{"line":228,"column":0},"end":{"line":228,"column":0}}]}},"code":["/* eslint no-undef: 0 */","/* eslint no-unused-vars: 0 */","/* eslint prefer-arrow-callback: 0 */","/* eslint func-names: 0 */","/* eslint no-use-before-define: 0 */","/* eslint no-param-reassign: 0 */","/* eslint no-shadow: 0 */","","if (window.coldBrewData) {","  throw new ColdBrewError(","    'Cannot capture RTC events, window.coldBrewData property already exists');","}","","// Attach a coldBrewData object to the window object to keep a record of the","// events that fire on the RTCPeerConnection object","window.coldBrewData = {","  RTCEvents: [],","  RTCDataChannelEvents: [],","  socketEvents: {","    outgoing: [],","    incoming: [],","  },","  peerConnections: {},","  sockets: {},","};","","// An array of all of the events that fire on the RTCPeerConnection object","const RTC_PEER_CONNECTION_EVENTS = [","  'addstream',","  'connectionstatechange',","  'datachannel',","  'icecandidate',","  'iceconnectionstatechange',","  'icegatheringstatechange',","  'identityresult',","  'idpassertionerror',","  'idpvalidationerror',","  'negotiationneeded',","  'peeridentity',","  'removestream',","  'signalingstatechange',","  'track',","];","","const RTC_DATA_CHANNEL_EVENTS = [","  'bufferedamountlow',","  'close',","  'error',","  'message',","  'open',","];","","/**"," * coldBrewRTC - Factory function that creates and returns an RTCPeerCOnnection"," * object. The RTCPeerConnection object's behavior is augmented to"," * enable it to push any events that fire on it into an array attached"," * to the window object."," *"," * @param  {type} servers        description"," * @param  {type} options        description"," * @param  {type} coldBrewConfig description"," * @return {type}                description"," */","function coldBrewRTC(servers, options, coldBrewConfig, dataChannelConfig) {","  if (coldBrewConfig && coldBrewConfig.production) {","    return new RTCPeerConnection(servers, options);","  }","","  // setup config for RTCPeerConnection","  coldBrewConfig = coldBrewConfig || {};","","  const listeners = coldBrewConfig.listeners || RTC_PEER_CONNECTION_EVENTS;","  const label = coldBrewConfig.label || null;","  validateListeners(listeners);","","  // setup config for dataChannelConfig","  dataChannelConfig = dataChannelConfig || {};","","  const dataListeners = dataChannelConfig.listeners || RTC_DATA_CHANNEL_EVENTS;","  validateDataListeners(dataListeners);","","  // Create peer connection","  const peerConnection = new RTCPeerConnection(servers, options);","  addEventLogListeners(peerConnection, listeners, label);","  addDataListenersOnChannelCreation(peerConnection, dataListeners);","  addDataListenersOnDataChannelEvent(peerConnection, dataListeners);","","  return peerConnection;","","","  function validateListeners(listeners) {","    const valid = listeners.every(listener =>","      RTC_PEER_CONNECTION_EVENTS.includes(listener));","","    if (!valid) {","      throw new ColdBrewError(","        'Invalid event names passed in to coldBrewRTC');","    }","  }","","  function validateDataListeners(dataListeners) {","    const valid = dataListeners.every(listener =>","      RTC_DATA_CHANNEL_EVENTS.includes(listener));","","    if (!valid) {","      throw new ColdBrewError(","        'Invalid data channel event names passed in to coldBrewRTC');","    }","  }","","  function addEventLogListeners(peerConnection, listeners, label = null) {","    if (label) {","      window.coldBrewData.peerConnections[label] = [];","    }","","    listeners.forEach((listener) => {","      peerConnection.addEventListener(listener, (event) => {","        window.coldBrewData.RTCEvents.push(event);","        if (label) {","          window.coldBrewData.peerConnections[label].push(event);","        }","      });","    });","  }","","  function addDataListenersOnChannelCreation(peerConnection, dataListeners) {","    const createDataChannel = peerConnection.createDataChannel.bind(peerConnection);","","    peerConnection.createDataChannel = function (...args) {","      const newDataChannel = createDataChannel(...args);","      dataListeners.forEach((listener) => {","        newDataChannel.addEventListener(listener, (event) => {","          window.coldBrewData.RTCDataChannelEvents.push(event)","        });","      });","","      return newDataChannel;","    }","  }","","  function addDataListenersOnDataChannelEvent(peerConnection, dataListeners) {","    Object.defineProperty(peerConnection, 'ondatachannel', {","      set(func) {","        peerConnection.addEventListener('datachannel', function (e) {","          const datachannel = e.channel;","          dataListeners.forEach((listener) => {","            datachannel.addEventListener(listener, (event) => {","              window.coldBrewData.RTCDataChannelEvents.push(event);","            });","          });","","          func(e);","        });","      },","    });","  }","}","","","function observeSignaling(socket, options = {}) {","  if (options.production === true) return socket;","","  return new Proxy(socket, {","    get(target, key, receiver) {","      switch (key) {","      case 'emit':","        return emitAndLog(target);","","      case 'on':","        return logOnReceipt(target);","","      default:","        return target[key];","      }","    },","  });","","  function emitAndLog(target) {","    return function (...args) {","      // emit can be called with 1 to 3 arguments:","      // type","      // type, data","      // type, callback","      // type, data, callback","      // Therefore, we need to parse the arguments","      const type = args[0];","","      let data;","      let callback;","","      if (args[1]) {","        if (typeof args[1] === 'function') callback = args[1];","        else data = args[1];","      }","","      if (args[2]) {","        if (typeof args[2] === 'function') callback = args[2];","      }","","      window.coldBrewData.socketEvents.outgoing.push({","        type,","        data,","        callback,","      });","","      return target.emit(...args);","    }","  }","","  function logOnReceipt(target) {","    return function (type, callback) {","      target.on(type, (...data) => {","        window.coldBrewData.socketEvents.incoming.push({","          type,","          data,","          callback,","        });","","        callback(...data);","      });","    }","  }","}","","","class ColdBrewError extends Error {}","","if (typeof module !== 'undefined') {","  module.exports = {","    coldBrewRTC,","    observeSignaling,","    RTC_PEER_CONNECTION_EVENTS,","    RTC_DATA_CHANNEL_EVENTS","  };","}","",""],"l":{"9":2,"10":0,"16":0,"28":0,"45":0,"64":1,"65":0,"66":0,"70":0,"72":0,"73":0,"74":0,"77":0,"79":0,"80":0,"83":0,"84":0,"85":0,"86":0,"88":0,"91":1,"92":0,"93":0,"95":0,"96":0,"101":1,"102":0,"103":0,"105":0,"106":0,"111":1,"112":0,"113":0,"116":0,"117":0,"118":0,"119":0,"120":0,"126":1,"127":0,"129":0,"130":0,"131":0,"132":0,"133":0,"137":0,"141":1,"142":0,"144":0,"145":0,"146":0,"147":0,"148":0,"152":0,"160":1,"161":0,"163":0,"165":0,"167":0,"170":0,"173":0,"178":1,"179":0,"186":0,"188":0,"189":0,"191":0,"192":0,"193":0,"196":0,"197":0,"200":0,"206":0,"210":1,"211":0,"212":0,"213":0,"219":0,"228":0,"229":0}}}